DEB [20181030-10:57:35.804] thr=1   paramiko.transport: starting thread (client mode): 0x36eea90
DEB [20181030-10:57:35.804] thr=1   paramiko.transport: Local version/idstring: SSH-2.0-paramiko_2.4.2
DEB [20181030-10:57:35.868] thr=1   paramiko.transport: Remote version/idstring: SSH-2.0-OpenSSH_6.6.1
INF [20181030-10:57:35.868] thr=1   paramiko.transport: Connected (version 2.0, client OpenSSH_6.6.1)
DEB [20181030-10:57:35.885] thr=1   paramiko.transport: kex algos:['curve25519-sha256@libssh.org', 'ecdh-sha2-nistp256', 'ecdh-sha2-nistp384', 'ecdh-sha2-nistp521', 'diffie-hellman-group-exchange-sha256', 'diffie-hellman-group-exchange-sha1', 'diffie-hellman-group14-sha1', 'diffie-hellman-group1-sha1'] server key:['ssh-rsa', 'ecdsa-sha2-nistp256', 'ssh-ed25519'] client encrypt:['aes128-ctr', 'aes192-ctr', 'aes256-ctr', 'arcfour256', 'arcfour128', 'aes128-gcm@openssh.com', 'aes256-gcm@openssh.com', 'chacha20-poly1305@openssh.com', 'aes128-cbc', '3des-cbc', 'blowfish-cbc', 'cast128-cbc', 'aes192-cbc', 'aes256-cbc', 'arcfour', 'rijndael-cbc@lysator.liu.se'] server encrypt:['aes128-ctr', 'aes192-ctr', 'aes256-ctr', 'arcfour256', 'arcfour128', 'aes128-gcm@openssh.com', 'aes256-gcm@openssh.com', 'chacha20-poly1305@openssh.com', 'aes128-cbc', '3des-cbc', 'blowfish-cbc', 'cast128-cbc', 'aes192-cbc', 'aes256-cbc', 'arcfour', 'rijndael-cbc@lysator.liu.se'] client mac:['hmac-md5-etm@openssh.com', 'hmac-sha1-etm@openssh.com', 'umac-64-etm@openssh.com', 'umac-128-etm@openssh.com', 'hmac-sha2-256-etm@openssh.com', 'hmac-sha2-512-etm@openssh.com', 'hmac-ripemd160-etm@openssh.com', 'hmac-sha1-96-etm@openssh.com', 'hmac-md5-96-etm@openssh.com', 'hmac-md5', 'hmac-sha1', 'umac-64@openssh.com', 'umac-128@openssh.com', 'hmac-sha2-256', 'hmac-sha2-512', 'hmac-ripemd160', 'hmac-ripemd160@openssh.com', 'hmac-sha1-96', 'hmac-md5-96'] server mac:['hmac-md5-etm@openssh.com', 'hmac-sha1-etm@openssh.com', 'umac-64-etm@openssh.com', 'umac-128-etm@openssh.com', 'hmac-sha2-256-etm@openssh.com', 'hmac-sha2-512-etm@openssh.com', 'hmac-ripemd160-etm@openssh.com', 'hmac-sha1-96-etm@openssh.com', 'hmac-md5-96-etm@openssh.com', 'hmac-md5', 'hmac-sha1', 'umac-64@openssh.com', 'umac-128@openssh.com', 'hmac-sha2-256', 'hmac-sha2-512', 'hmac-ripemd160', 'hmac-ripemd160@openssh.com', 'hmac-sha1-96', 'hmac-md5-96'] client compress:['none', 'zlib@openssh.com'] server compress:['none', 'zlib@openssh.com'] client lang:[''] server lang:[''] kex follows?False
DEB [20181030-10:57:35.885] thr=1   paramiko.transport: Kex agreed: ecdh-sha2-nistp256
DEB [20181030-10:57:35.885] thr=1   paramiko.transport: HostKey agreed: ssh-ed25519
DEB [20181030-10:57:35.885] thr=1   paramiko.transport: Cipher agreed: aes128-ctr
DEB [20181030-10:57:35.885] thr=1   paramiko.transport: MAC agreed: hmac-sha2-256
DEB [20181030-10:57:35.885] thr=1   paramiko.transport: Compression agreed: none
DEB [20181030-10:57:36.019] thr=1   paramiko.transport: kex engine KexNistp256 specified hash_algo <built-in function openssl_sha256>
DEB [20181030-10:57:36.019] thr=1   paramiko.transport: Switch to new keys ...
DEB [20181030-10:57:36.019] thr=2   paramiko.transport: Adding ssh-ed25519 host key for [192.168.30.41]:22: b'b6deb823f4dfc3c14a68d4d9a521131e'
DEB [20181030-10:57:36.026] thr=2   paramiko.transport: Trying discovered key b'8603ad35acfff4b3abc3b02a8432354a' in C:\Users\Administrator/.ssh/id_rsa
DEB [20181030-10:57:36.076] thr=1   paramiko.transport: userauth is OK
INF [20181030-10:57:36.180] thr=1   paramiko.transport: Authentication (publickey) failed.
DEB [20181030-10:57:36.191] thr=1   paramiko.transport: userauth is OK
INF [20181030-10:57:36.277] thr=1   paramiko.transport: Authentication (password) successful!
DEB [20181030-10:57:36.278] thr=2   paramiko.transport: [chan 0] Max packet in: 32768 bytes
DEB [20181030-10:57:36.517] thr=1   paramiko.transport: [chan 0] Max packet out: 32768 bytes
DEB [20181030-10:57:36.517] thr=1   paramiko.transport: Secsh channel 0 opened.
DEB [20181030-10:57:36.540] thr=1   paramiko.transport: [chan 0] Sesch channel 0 request ok
DEB [20181030-10:57:36.648] thr=1   paramiko.transport: [chan 0] EOF received (0)
DEB [20181030-10:57:36.648] thr=2   paramiko.transport: [chan 1] Max packet in: 32768 bytes
DEB [20181030-10:57:36.648] thr=1   paramiko.transport: [chan 0] EOF sent (0)
DEB [20181030-10:57:36.651] thr=1   paramiko.transport: [chan 1] Max packet out: 32768 bytes
DEB [20181030-10:57:36.651] thr=1   paramiko.transport: Secsh channel 1 opened.
DEB [20181030-10:57:36.707] thr=1   paramiko.transport: [chan 1] Sesch channel 1 request ok
DEB [20181030-10:57:36.815] thr=1   paramiko.transport: [chan 1] EOF received (1)
DEB [20181030-10:57:36.816] thr=2   paramiko.transport: [chan 2] Max packet in: 32768 bytes
DEB [20181030-10:57:36.816] thr=1   paramiko.transport: [chan 1] EOF sent (1)
DEB [20181030-10:57:36.819] thr=1   paramiko.transport: [chan 2] Max packet out: 32768 bytes
DEB [20181030-10:57:36.819] thr=1   paramiko.transport: Secsh channel 2 opened.
DEB [20181030-10:57:36.865] thr=1   paramiko.transport: [chan 2] Sesch channel 2 request ok
DEB [20181030-10:57:36.947] thr=1   paramiko.transport: [chan 2] EOF received (2)
DEB [20181030-10:57:36.947] thr=2   paramiko.transport: [chan 3] Max packet in: 32768 bytes
DEB [20181030-10:57:36.947] thr=1   paramiko.transport: [chan 2] EOF sent (2)
DEB [20181030-10:57:36.950] thr=1   paramiko.transport: [chan 3] Max packet out: 32768 bytes
DEB [20181030-10:57:36.950] thr=1   paramiko.transport: Secsh channel 3 opened.
DEB [20181030-10:57:37.000] thr=1   paramiko.transport: [chan 3] Sesch channel 3 request ok
DEB [20181030-10:57:37.082] thr=1   paramiko.transport: [chan 3] EOF received (3)
DEB [20181030-10:57:37.083] thr=1   paramiko.transport: [chan 3] EOF sent (3)
DEB [20181030-10:57:37.083] thr=2   paramiko.transport: [chan 4] Max packet in: 32768 bytes
DEB [20181030-10:57:37.129] thr=1   paramiko.transport: [chan 4] Max packet out: 32768 bytes
DEB [20181030-10:57:37.129] thr=1   paramiko.transport: Secsh channel 4 opened.
DEB [20181030-10:57:37.133] thr=1   paramiko.transport: [chan 4] Sesch channel 4 request ok
DEB [20181030-10:57:37.187] thr=1   paramiko.transport: [chan 4] EOF received (4)
DEB [20181030-10:57:37.187] thr=1   paramiko.transport: [chan 4] EOF sent (4)
DEB [20181030-10:57:37.188] thr=2   paramiko.transport: [chan 5] Max packet in: 32768 bytes
DEB [20181030-10:57:37.233] thr=1   paramiko.transport: [chan 5] Max packet out: 32768 bytes
DEB [20181030-10:57:37.233] thr=1   paramiko.transport: Secsh channel 5 opened.
DEB [20181030-10:57:37.237] thr=1   paramiko.transport: [chan 5] Sesch channel 5 request ok
DEB [20181030-10:57:37.330] thr=1   paramiko.transport: [chan 5] EOF received (5)
DEB [20181030-10:57:37.331] thr=2   paramiko.transport: [chan 6] Max packet in: 32768 bytes
DEB [20181030-10:57:37.331] thr=1   paramiko.transport: [chan 5] EOF sent (5)
DEB [20181030-10:57:37.333] thr=1   paramiko.transport: [chan 6] Max packet out: 32768 bytes
DEB [20181030-10:57:37.334] thr=1   paramiko.transport: Secsh channel 6 opened.
DEB [20181030-10:57:37.389] thr=1   paramiko.transport: [chan 6] Sesch channel 6 request ok
DEB [20181030-10:57:37.479] thr=1   paramiko.transport: [chan 6] EOF received (6)
DEB [20181030-10:57:37.480] thr=2   paramiko.transport: [chan 7] Max packet in: 32768 bytes
DEB [20181030-10:57:37.480] thr=1   paramiko.transport: [chan 6] EOF sent (6)
DEB [20181030-10:57:37.483] thr=1   paramiko.transport: [chan 7] Max packet out: 32768 bytes
DEB [20181030-10:57:37.483] thr=1   paramiko.transport: Secsh channel 7 opened.
DEB [20181030-10:57:37.529] thr=1   paramiko.transport: [chan 7] Sesch channel 7 request ok
DEB [20181030-10:57:37.590] thr=1   paramiko.transport: [chan 7] EOF received (7)
DEB [20181030-10:57:37.591] thr=2   paramiko.transport: [chan 8] Max packet in: 32768 bytes
DEB [20181030-10:57:37.591] thr=1   paramiko.transport: [chan 7] EOF sent (7)
DEB [20181030-10:57:37.594] thr=1   paramiko.transport: [chan 8] Max packet out: 32768 bytes
DEB [20181030-10:57:37.594] thr=1   paramiko.transport: Secsh channel 8 opened.
DEB [20181030-10:57:37.642] thr=1   paramiko.transport: [chan 8] Sesch channel 8 request ok
DEB [20181030-10:57:37.711] thr=1   paramiko.transport: [chan 8] EOF received (8)
DEB [20181030-10:57:37.711] thr=2   paramiko.transport: [chan 9] Max packet in: 32768 bytes
DEB [20181030-10:57:37.711] thr=1   paramiko.transport: [chan 8] EOF sent (8)
DEB [20181030-10:57:37.714] thr=1   paramiko.transport: [chan 9] Max packet out: 32768 bytes
DEB [20181030-10:57:37.714] thr=1   paramiko.transport: Secsh channel 9 opened.
DEB [20181030-10:57:37.759] thr=1   paramiko.transport: [chan 9] Sesch channel 9 request ok
DEB [20181030-10:57:37.831] thr=1   paramiko.transport: [chan 9] EOF received (9)
DEB [20181030-10:57:37.832] thr=1   paramiko.transport: [chan 9] EOF sent (9)
DEB [20181030-10:57:37.832] thr=2   paramiko.transport: [chan 10] Max packet in: 32768 bytes
DEB [20181030-10:57:37.878] thr=1   paramiko.transport: [chan 10] Max packet out: 32768 bytes
DEB [20181030-10:57:37.878] thr=1   paramiko.transport: Secsh channel 10 opened.
DEB [20181030-10:57:37.883] thr=1   paramiko.transport: [chan 10] Sesch channel 10 request ok
DEB [20181030-10:57:37.974] thr=1   paramiko.transport: [chan 10] EOF received (10)
DEB [20181030-10:57:37.974] thr=2   paramiko.transport: [chan 11] Max packet in: 32768 bytes
DEB [20181030-10:57:37.975] thr=1   paramiko.transport: [chan 10] EOF sent (10)
DEB [20181030-10:57:37.977] thr=1   paramiko.transport: [chan 11] Max packet out: 32768 bytes
DEB [20181030-10:57:37.977] thr=1   paramiko.transport: Secsh channel 11 opened.
DEB [20181030-10:57:38.024] thr=1   paramiko.transport: [chan 11] Sesch channel 11 request ok
DEB [20181030-10:57:38.086] thr=1   paramiko.transport: [chan 11] EOF received (11)
DEB [20181030-10:57:38.087] thr=2   paramiko.transport: [chan 12] Max packet in: 32768 bytes
DEB [20181030-10:57:38.087] thr=1   paramiko.transport: [chan 11] EOF sent (11)
DEB [20181030-10:57:38.089] thr=1   paramiko.transport: [chan 12] Max packet out: 32768 bytes
DEB [20181030-10:57:38.090] thr=1   paramiko.transport: Secsh channel 12 opened.
DEB [20181030-10:57:38.134] thr=1   paramiko.transport: [chan 12] Sesch channel 12 request ok
DEB [20181030-10:57:38.203] thr=1   paramiko.transport: [chan 12] EOF received (12)
DEB [20181030-10:57:38.204] thr=2   paramiko.transport: [chan 13] Max packet in: 32768 bytes
DEB [20181030-10:57:38.204] thr=1   paramiko.transport: [chan 12] EOF sent (12)
DEB [20181030-10:57:38.208] thr=1   paramiko.transport: [chan 13] Max packet out: 32768 bytes
DEB [20181030-10:57:38.208] thr=1   paramiko.transport: Secsh channel 13 opened.
DEB [20181030-10:57:38.253] thr=1   paramiko.transport: [chan 13] Sesch channel 13 request ok
DEB [20181030-10:57:38.322] thr=1   paramiko.transport: [chan 13] EOF received (13)
DEB [20181030-10:57:38.323] thr=1   paramiko.transport: [chan 13] EOF sent (13)
DEB [20181030-10:57:38.323] thr=2   paramiko.transport: [chan 14] Max packet in: 32768 bytes
DEB [20181030-10:57:38.368] thr=1   paramiko.transport: [chan 14] Max packet out: 32768 bytes
DEB [20181030-10:57:38.368] thr=1   paramiko.transport: Secsh channel 14 opened.
DEB [20181030-10:57:38.372] thr=1   paramiko.transport: [chan 14] Sesch channel 14 request ok
DEB [20181030-10:57:38.433] thr=1   paramiko.transport: [chan 14] EOF received (14)
DEB [20181030-10:57:38.433] thr=2   paramiko.transport: [chan 15] Max packet in: 32768 bytes
DEB [20181030-10:57:38.433] thr=1   paramiko.transport: [chan 14] EOF sent (14)
DEB [20181030-10:57:38.436] thr=1   paramiko.transport: [chan 15] Max packet out: 32768 bytes
DEB [20181030-10:57:38.436] thr=1   paramiko.transport: Secsh channel 15 opened.
DEB [20181030-10:57:38.482] thr=1   paramiko.transport: [chan 15] Sesch channel 15 request ok
DEB [20181030-10:57:38.548] thr=1   paramiko.transport: [chan 15] EOF received (15)
DEB [20181030-10:57:38.548] thr=1   paramiko.transport: [chan 15] EOF sent (15)
DEB [20181030-10:57:38.549] thr=1   paramiko.transport: Dropping user packet because connection is dead.
DEB [20181030-10:57:38.561] thr=3   paramiko.transport: starting thread (client mode): 0x3711160
DEB [20181030-10:57:38.562] thr=3   paramiko.transport: Local version/idstring: SSH-2.0-paramiko_2.4.2
DEB [20181030-10:57:38.615] thr=3   paramiko.transport: Remote version/idstring: SSH-2.0-OpenSSH_6.6.1
INF [20181030-10:57:38.615] thr=3   paramiko.transport: Connected (version 2.0, client OpenSSH_6.6.1)
DEB [20181030-10:57:38.630] thr=3   paramiko.transport: kex algos:['curve25519-sha256@libssh.org', 'ecdh-sha2-nistp256', 'ecdh-sha2-nistp384', 'ecdh-sha2-nistp521', 'diffie-hellman-group-exchange-sha256', 'diffie-hellman-group-exchange-sha1', 'diffie-hellman-group14-sha1', 'diffie-hellman-group1-sha1'] server key:['ssh-rsa', 'ecdsa-sha2-nistp256', 'ssh-ed25519'] client encrypt:['aes128-ctr', 'aes192-ctr', 'aes256-ctr', 'arcfour256', 'arcfour128', 'aes128-gcm@openssh.com', 'aes256-gcm@openssh.com', 'chacha20-poly1305@openssh.com', 'aes128-cbc', '3des-cbc', 'blowfish-cbc', 'cast128-cbc', 'aes192-cbc', 'aes256-cbc', 'arcfour', 'rijndael-cbc@lysator.liu.se'] server encrypt:['aes128-ctr', 'aes192-ctr', 'aes256-ctr', 'arcfour256', 'arcfour128', 'aes128-gcm@openssh.com', 'aes256-gcm@openssh.com', 'chacha20-poly1305@openssh.com', 'aes128-cbc', '3des-cbc', 'blowfish-cbc', 'cast128-cbc', 'aes192-cbc', 'aes256-cbc', 'arcfour', 'rijndael-cbc@lysator.liu.se'] client mac:['hmac-md5-etm@openssh.com', 'hmac-sha1-etm@openssh.com', 'umac-64-etm@openssh.com', 'umac-128-etm@openssh.com', 'hmac-sha2-256-etm@openssh.com', 'hmac-sha2-512-etm@openssh.com', 'hmac-ripemd160-etm@openssh.com', 'hmac-sha1-96-etm@openssh.com', 'hmac-md5-96-etm@openssh.com', 'hmac-md5', 'hmac-sha1', 'umac-64@openssh.com', 'umac-128@openssh.com', 'hmac-sha2-256', 'hmac-sha2-512', 'hmac-ripemd160', 'hmac-ripemd160@openssh.com', 'hmac-sha1-96', 'hmac-md5-96'] server mac:['hmac-md5-etm@openssh.com', 'hmac-sha1-etm@openssh.com', 'umac-64-etm@openssh.com', 'umac-128-etm@openssh.com', 'hmac-sha2-256-etm@openssh.com', 'hmac-sha2-512-etm@openssh.com', 'hmac-ripemd160-etm@openssh.com', 'hmac-sha1-96-etm@openssh.com', 'hmac-md5-96-etm@openssh.com', 'hmac-md5', 'hmac-sha1', 'umac-64@openssh.com', 'umac-128@openssh.com', 'hmac-sha2-256', 'hmac-sha2-512', 'hmac-ripemd160', 'hmac-ripemd160@openssh.com', 'hmac-sha1-96', 'hmac-md5-96'] client compress:['none', 'zlib@openssh.com'] server compress:['none', 'zlib@openssh.com'] client lang:[''] server lang:[''] kex follows?False
DEB [20181030-10:57:38.630] thr=3   paramiko.transport: Kex agreed: ecdh-sha2-nistp256
DEB [20181030-10:57:38.630] thr=3   paramiko.transport: HostKey agreed: ssh-ed25519
DEB [20181030-10:57:38.630] thr=3   paramiko.transport: Cipher agreed: aes128-ctr
DEB [20181030-10:57:38.630] thr=3   paramiko.transport: MAC agreed: hmac-sha2-256
DEB [20181030-10:57:38.630] thr=3   paramiko.transport: Compression agreed: none
DEB [20181030-10:57:38.644] thr=3   paramiko.transport: kex engine KexNistp256 specified hash_algo <built-in function openssl_sha256>
DEB [20181030-10:57:38.645] thr=3   paramiko.transport: Switch to new keys ...
DEB [20181030-10:57:38.645] thr=2   paramiko.transport: Adding ssh-ed25519 host key for [192.168.30.41]:22: b'b6deb823f4dfc3c14a68d4d9a521131e'
DEB [20181030-10:57:38.646] thr=2   paramiko.transport: Trying discovered key b'8603ad35acfff4b3abc3b02a8432354a' in C:\Users\Administrator/.ssh/id_rsa
DEB [20181030-10:57:38.690] thr=3   paramiko.transport: userauth is OK
INF [20181030-10:57:38.922] thr=3   paramiko.transport: Authentication (publickey) failed.
DEB [20181030-10:57:38.935] thr=3   paramiko.transport: userauth is OK
INF [20181030-10:57:38.984] thr=3   paramiko.transport: Authentication (password) successful!
DEB [20181030-10:57:38.985] thr=2   paramiko.transport: [chan 0] Max packet in: 32768 bytes
DEB [20181030-10:57:39.136] thr=3   paramiko.transport: [chan 0] Max packet out: 32768 bytes
DEB [20181030-10:57:39.136] thr=3   paramiko.transport: Secsh channel 0 opened.
DEB [20181030-10:57:39.150] thr=3   paramiko.transport: [chan 0] Sesch channel 0 request ok
DEB [20181030-10:57:39.240] thr=3   paramiko.transport: [chan 0] EOF received (0)
DEB [20181030-10:57:39.240] thr=3   paramiko.transport: [chan 0] EOF sent (0)
DEB [20181030-10:57:39.240] thr=2   paramiko.transport: [chan 1] Max packet in: 32768 bytes
DEB [20181030-10:57:39.295] thr=3   paramiko.transport: [chan 1] Max packet out: 32768 bytes
DEB [20181030-10:57:39.296] thr=3   paramiko.transport: Secsh channel 1 opened.
DEB [20181030-10:57:39.304] thr=3   paramiko.transport: [chan 1] Sesch channel 1 request ok
DEB [20181030-10:57:39.379] thr=3   paramiko.transport: [chan 1] EOF received (1)
DEB [20181030-10:57:39.379] thr=2   paramiko.transport: [chan 2] Max packet in: 32768 bytes
DEB [20181030-10:57:39.379] thr=3   paramiko.transport: [chan 1] EOF sent (1)
DEB [20181030-10:57:39.383] thr=3   paramiko.transport: [chan 2] Max packet out: 32768 bytes
DEB [20181030-10:57:39.383] thr=3   paramiko.transport: Secsh channel 2 opened.
DEB [20181030-10:57:39.390] thr=3   paramiko.transport: [chan 2] Sesch channel 2 request ok
DEB [20181030-10:57:39.447] thr=3   paramiko.transport: [chan 2] EOF received (2)
DEB [20181030-10:57:39.447] thr=3   paramiko.transport: [chan 2] EOF sent (2)
DEB [20181030-10:57:39.448] thr=2   paramiko.transport: [chan 3] Max packet in: 32768 bytes
DEB [20181030-10:57:39.495] thr=3   paramiko.transport: [chan 3] Max packet out: 32768 bytes
DEB [20181030-10:57:39.495] thr=3   paramiko.transport: Secsh channel 3 opened.
DEB [20181030-10:57:39.498] thr=3   paramiko.transport: [chan 3] Sesch channel 3 request ok
DEB [20181030-10:57:39.552] thr=3   paramiko.transport: [chan 3] EOF received (3)
DEB [20181030-10:57:39.552] thr=2   paramiko.transport: [chan 4] Max packet in: 32768 bytes
DEB [20181030-10:57:39.552] thr=3   paramiko.transport: [chan 3] EOF sent (3)
DEB [20181030-10:57:39.555] thr=3   paramiko.transport: [chan 4] Max packet out: 32768 bytes
DEB [20181030-10:57:39.555] thr=3   paramiko.transport: Secsh channel 4 opened.
DEB [20181030-10:57:39.601] thr=3   paramiko.transport: [chan 4] Sesch channel 4 request ok
DEB [20181030-10:57:39.664] thr=3   paramiko.transport: [chan 4] EOF received (4)
DEB [20181030-10:57:39.664] thr=2   paramiko.transport: [chan 5] Max packet in: 32768 bytes
DEB [20181030-10:57:39.665] thr=3   paramiko.transport: [chan 4] EOF sent (4)
DEB [20181030-10:57:39.668] thr=3   paramiko.transport: [chan 5] Max packet out: 32768 bytes
DEB [20181030-10:57:39.668] thr=3   paramiko.transport: Secsh channel 5 opened.
DEB [20181030-10:57:39.671] thr=3   paramiko.transport: [chan 5] Sesch channel 5 request ok
DEB [20181030-10:57:39.756] thr=3   paramiko.transport: [chan 5] EOF received (5)
DEB [20181030-10:57:39.757] thr=2   paramiko.transport: [chan 6] Max packet in: 32768 bytes
DEB [20181030-10:57:39.757] thr=3   paramiko.transport: [chan 5] EOF sent (5)
DEB [20181030-10:57:39.760] thr=3   paramiko.transport: [chan 6] Max packet out: 32768 bytes
DEB [20181030-10:57:39.760] thr=3   paramiko.transport: Secsh channel 6 opened.
DEB [20181030-10:57:39.764] thr=3   paramiko.transport: [chan 6] Sesch channel 6 request ok
DEB [20181030-10:57:39.818] thr=3   paramiko.transport: [chan 6] EOF received (6)
DEB [20181030-10:57:39.818] thr=2   paramiko.transport: [chan 7] Max packet in: 32768 bytes
DEB [20181030-10:57:39.819] thr=3   paramiko.transport: [chan 6] EOF sent (6)
DEB [20181030-10:57:39.822] thr=3   paramiko.transport: [chan 7] Max packet out: 32768 bytes
DEB [20181030-10:57:39.822] thr=3   paramiko.transport: Secsh channel 7 opened.
DEB [20181030-10:57:39.830] thr=3   paramiko.transport: [chan 7] Sesch channel 7 request ok
DEB [20181030-10:57:39.886] thr=3   paramiko.transport: [chan 7] EOF received (7)
DEB [20181030-10:57:39.886] thr=2   paramiko.transport: [chan 8] Max packet in: 32768 bytes
DEB [20181030-10:57:39.887] thr=3   paramiko.transport: [chan 7] EOF sent (7)
DEB [20181030-10:57:39.889] thr=3   paramiko.transport: [chan 8] Max packet out: 32768 bytes
DEB [20181030-10:57:39.889] thr=3   paramiko.transport: Secsh channel 8 opened.
DEB [20181030-10:57:39.936] thr=3   paramiko.transport: [chan 8] Sesch channel 8 request ok
DEB [20181030-10:57:40.002] thr=3   paramiko.transport: [chan 8] EOF received (8)
DEB [20181030-10:57:40.003] thr=2   paramiko.transport: [chan 9] Max packet in: 32768 bytes
DEB [20181030-10:57:40.003] thr=3   paramiko.transport: [chan 8] EOF sent (8)
DEB [20181030-10:57:40.006] thr=3   paramiko.transport: [chan 9] Max packet out: 32768 bytes
DEB [20181030-10:57:40.006] thr=3   paramiko.transport: Secsh channel 9 opened.
DEB [20181030-10:57:40.053] thr=3   paramiko.transport: [chan 9] Sesch channel 9 request ok
DEB [20181030-10:57:40.112] thr=3   paramiko.transport: [chan 9] EOF received (9)
DEB [20181030-10:57:40.112] thr=2   paramiko.transport: [chan 10] Max packet in: 32768 bytes
DEB [20181030-10:57:40.113] thr=3   paramiko.transport: [chan 9] EOF sent (9)
DEB [20181030-10:57:40.116] thr=3   paramiko.transport: [chan 10] Max packet out: 32768 bytes
DEB [20181030-10:57:40.116] thr=3   paramiko.transport: Secsh channel 10 opened.
DEB [20181030-10:57:40.120] thr=3   paramiko.transport: [chan 10] Sesch channel 10 request ok
DEB [20181030-10:57:40.209] thr=3   paramiko.transport: [chan 10] EOF received (10)
DEB [20181030-10:57:40.209] thr=2   paramiko.transport: [chan 11] Max packet in: 32768 bytes
DEB [20181030-10:57:40.210] thr=3   paramiko.transport: [chan 10] EOF sent (10)
DEB [20181030-10:57:40.212] thr=3   paramiko.transport: [chan 11] Max packet out: 32768 bytes
DEB [20181030-10:57:40.212] thr=3   paramiko.transport: Secsh channel 11 opened.
DEB [20181030-10:57:40.271] thr=3   paramiko.transport: [chan 11] Sesch channel 11 request ok
DEB [20181030-10:57:40.349] thr=3   paramiko.transport: [chan 11] EOF received (11)
DEB [20181030-11:01:26.769] thr=1   paramiko.transport: starting thread (client mode): 0x36eea90
DEB [20181030-11:01:26.770] thr=1   paramiko.transport: Local version/idstring: SSH-2.0-paramiko_2.4.2
DEB [20181030-11:01:26.835] thr=1   paramiko.transport: Remote version/idstring: SSH-2.0-OpenSSH_6.6.1
INF [20181030-11:01:26.835] thr=1   paramiko.transport: Connected (version 2.0, client OpenSSH_6.6.1)
DEB [20181030-11:01:26.857] thr=1   paramiko.transport: kex algos:['curve25519-sha256@libssh.org', 'ecdh-sha2-nistp256', 'ecdh-sha2-nistp384', 'ecdh-sha2-nistp521', 'diffie-hellman-group-exchange-sha256', 'diffie-hellman-group-exchange-sha1', 'diffie-hellman-group14-sha1', 'diffie-hellman-group1-sha1'] server key:['ssh-rsa', 'ecdsa-sha2-nistp256', 'ssh-ed25519'] client encrypt:['aes128-ctr', 'aes192-ctr', 'aes256-ctr', 'arcfour256', 'arcfour128', 'aes128-gcm@openssh.com', 'aes256-gcm@openssh.com', 'chacha20-poly1305@openssh.com', 'aes128-cbc', '3des-cbc', 'blowfish-cbc', 'cast128-cbc', 'aes192-cbc', 'aes256-cbc', 'arcfour', 'rijndael-cbc@lysator.liu.se'] server encrypt:['aes128-ctr', 'aes192-ctr', 'aes256-ctr', 'arcfour256', 'arcfour128', 'aes128-gcm@openssh.com', 'aes256-gcm@openssh.com', 'chacha20-poly1305@openssh.com', 'aes128-cbc', '3des-cbc', 'blowfish-cbc', 'cast128-cbc', 'aes192-cbc', 'aes256-cbc', 'arcfour', 'rijndael-cbc@lysator.liu.se'] client mac:['hmac-md5-etm@openssh.com', 'hmac-sha1-etm@openssh.com', 'umac-64-etm@openssh.com', 'umac-128-etm@openssh.com', 'hmac-sha2-256-etm@openssh.com', 'hmac-sha2-512-etm@openssh.com', 'hmac-ripemd160-etm@openssh.com', 'hmac-sha1-96-etm@openssh.com', 'hmac-md5-96-etm@openssh.com', 'hmac-md5', 'hmac-sha1', 'umac-64@openssh.com', 'umac-128@openssh.com', 'hmac-sha2-256', 'hmac-sha2-512', 'hmac-ripemd160', 'hmac-ripemd160@openssh.com', 'hmac-sha1-96', 'hmac-md5-96'] server mac:['hmac-md5-etm@openssh.com', 'hmac-sha1-etm@openssh.com', 'umac-64-etm@openssh.com', 'umac-128-etm@openssh.com', 'hmac-sha2-256-etm@openssh.com', 'hmac-sha2-512-etm@openssh.com', 'hmac-ripemd160-etm@openssh.com', 'hmac-sha1-96-etm@openssh.com', 'hmac-md5-96-etm@openssh.com', 'hmac-md5', 'hmac-sha1', 'umac-64@openssh.com', 'umac-128@openssh.com', 'hmac-sha2-256', 'hmac-sha2-512', 'hmac-ripemd160', 'hmac-ripemd160@openssh.com', 'hmac-sha1-96', 'hmac-md5-96'] client compress:['none', 'zlib@openssh.com'] server compress:['none', 'zlib@openssh.com'] client lang:[''] server lang:[''] kex follows?False
DEB [20181030-11:01:26.857] thr=1   paramiko.transport: Kex agreed: ecdh-sha2-nistp256
DEB [20181030-11:01:26.857] thr=1   paramiko.transport: HostKey agreed: ssh-ed25519
DEB [20181030-11:01:26.857] thr=1   paramiko.transport: Cipher agreed: aes128-ctr
DEB [20181030-11:01:26.857] thr=1   paramiko.transport: MAC agreed: hmac-sha2-256
DEB [20181030-11:01:26.857] thr=1   paramiko.transport: Compression agreed: none
DEB [20181030-11:01:26.926] thr=1   paramiko.transport: kex engine KexNistp256 specified hash_algo <built-in function openssl_sha256>
DEB [20181030-11:01:26.926] thr=1   paramiko.transport: Switch to new keys ...
DEB [20181030-11:01:26.926] thr=2   paramiko.transport: Adding ssh-ed25519 host key for [192.168.30.42]:22: b'051d7d2627cf08078aedea65558a5158'
DEB [20181030-11:01:26.931] thr=2   paramiko.transport: Trying discovered key b'8603ad35acfff4b3abc3b02a8432354a' in C:\Users\Administrator/.ssh/id_rsa
DEB [20181030-11:01:26.971] thr=1   paramiko.transport: userauth is OK
INF [20181030-11:01:27.277] thr=1   paramiko.transport: Authentication (publickey) failed.
DEB [20181030-11:01:27.284] thr=1   paramiko.transport: userauth is OK
INF [20181030-11:01:27.343] thr=1   paramiko.transport: Authentication (password) successful!
DEB [20181030-11:01:27.344] thr=2   paramiko.transport: [chan 0] Max packet in: 32768 bytes
DEB [20181030-11:01:27.417] thr=1   paramiko.transport: [chan 0] Max packet out: 32768 bytes
DEB [20181030-11:01:27.417] thr=1   paramiko.transport: Secsh channel 0 opened.
DEB [20181030-11:01:27.427] thr=1   paramiko.transport: [chan 0] Sesch channel 0 request ok
DEB [20181030-11:01:27.537] thr=1   paramiko.transport: [chan 0] EOF received (0)
DEB [20181030-11:01:27.537] thr=2   paramiko.transport: [chan 1] Max packet in: 32768 bytes
DEB [20181030-11:01:27.538] thr=1   paramiko.transport: [chan 0] EOF sent (0)
DEB [20181030-11:01:27.544] thr=1   paramiko.transport: [chan 1] Max packet out: 32768 bytes
DEB [20181030-11:01:27.544] thr=1   paramiko.transport: Secsh channel 1 opened.
DEB [20181030-11:01:27.590] thr=1   paramiko.transport: [chan 1] Sesch channel 1 request ok
DEB [20181030-11:01:27.931] thr=1   paramiko.transport: [chan 1] EOF received (1)
DEB [20181030-11:01:27.932] thr=2   paramiko.transport: [chan 2] Max packet in: 32768 bytes
DEB [20181030-11:01:27.932] thr=1   paramiko.transport: [chan 1] EOF sent (1)
DEB [20181030-11:01:27.935] thr=1   paramiko.transport: [chan 2] Max packet out: 32768 bytes
DEB [20181030-11:01:27.935] thr=1   paramiko.transport: Secsh channel 2 opened.
DEB [20181030-11:01:27.980] thr=1   paramiko.transport: [chan 2] Sesch channel 2 request ok
DEB [20181030-11:01:28.040] thr=1   paramiko.transport: [chan 2] EOF received (2)
DEB [20181030-11:01:28.040] thr=2   paramiko.transport: [chan 3] Max packet in: 32768 bytes
DEB [20181030-11:01:28.040] thr=1   paramiko.transport: [chan 2] EOF sent (2)
DEB [20181030-11:01:28.043] thr=1   paramiko.transport: [chan 3] Max packet out: 32768 bytes
DEB [20181030-11:01:28.043] thr=1   paramiko.transport: Secsh channel 3 opened.
DEB [20181030-11:01:28.088] thr=1   paramiko.transport: [chan 3] Sesch channel 3 request ok
DEB [20181030-11:01:28.255] thr=1   paramiko.transport: [chan 3] EOF received (3)
DEB [20181030-11:01:28.255] thr=1   paramiko.transport: [chan 3] EOF sent (3)
DEB [20181030-11:01:28.256] thr=2   paramiko.transport: [chan 4] Max packet in: 32768 bytes
DEB [20181030-11:01:28.302] thr=1   paramiko.transport: [chan 4] Max packet out: 32768 bytes
DEB [20181030-11:01:28.302] thr=1   paramiko.transport: Secsh channel 4 opened.
DEB [20181030-11:01:28.305] thr=1   paramiko.transport: [chan 4] Sesch channel 4 request ok
DEB [20181030-11:01:28.389] thr=1   paramiko.transport: [chan 4] EOF received (4)
DEB [20181030-11:01:28.389] thr=2   paramiko.transport: [chan 5] Max packet in: 32768 bytes
DEB [20181030-11:01:28.390] thr=1   paramiko.transport: [chan 4] EOF sent (4)
DEB [20181030-11:01:28.392] thr=1   paramiko.transport: [chan 5] Max packet out: 32768 bytes
DEB [20181030-11:01:28.392] thr=1   paramiko.transport: Secsh channel 5 opened.
DEB [20181030-11:01:28.438] thr=1   paramiko.transport: [chan 5] Sesch channel 5 request ok
DEB [20181030-11:01:34.637] thr=1   paramiko.transport: [chan 5] EOF received (5)
DEB [20181030-11:01:34.638] thr=1   paramiko.transport: [chan 5] EOF sent (5)
DEB [20181030-11:01:34.638] thr=2   paramiko.transport: [chan 6] Max packet in: 32768 bytes
DEB [20181030-11:01:34.691] thr=1   paramiko.transport: [chan 6] Max packet out: 32768 bytes
DEB [20181030-11:01:34.691] thr=1   paramiko.transport: Secsh channel 6 opened.
DEB [20181030-11:01:34.695] thr=1   paramiko.transport: [chan 6] Sesch channel 6 request ok
DEB [20181030-11:01:34.823] thr=1   paramiko.transport: [chan 6] EOF received (6)
DEB [20181030-11:01:34.824] thr=2   paramiko.transport: [chan 7] Max packet in: 32768 bytes
DEB [20181030-11:01:34.824] thr=1   paramiko.transport: [chan 6] EOF sent (6)
DEB [20181030-11:01:34.827] thr=1   paramiko.transport: [chan 7] Max packet out: 32768 bytes
DEB [20181030-11:01:34.827] thr=1   paramiko.transport: Secsh channel 7 opened.
DEB [20181030-11:01:34.875] thr=1   paramiko.transport: [chan 7] Sesch channel 7 request ok
DEB [20181030-11:01:35.988] thr=1   paramiko.transport: [chan 7] EOF received (7)
DEB [20181030-11:01:35.988] thr=1   paramiko.transport: [chan 7] EOF sent (7)
DEB [20181030-11:01:35.988] thr=2   paramiko.transport: [chan 8] Max packet in: 32768 bytes
DEB [20181030-11:01:36.034] thr=1   paramiko.transport: [chan 8] Max packet out: 32768 bytes
DEB [20181030-11:01:36.034] thr=1   paramiko.transport: Secsh channel 8 opened.
DEB [20181030-11:01:36.038] thr=1   paramiko.transport: [chan 8] Sesch channel 8 request ok
DEB [20181030-11:01:36.102] thr=1   paramiko.transport: [chan 8] EOF received (8)
DEB [20181030-11:01:36.102] thr=2   paramiko.transport: [chan 9] Max packet in: 32768 bytes
DEB [20181030-11:01:36.102] thr=1   paramiko.transport: [chan 8] EOF sent (8)
DEB [20181030-11:01:36.105] thr=1   paramiko.transport: [chan 9] Max packet out: 32768 bytes
DEB [20181030-11:01:36.105] thr=1   paramiko.transport: Secsh channel 9 opened.
DEB [20181030-11:01:36.162] thr=1   paramiko.transport: [chan 9] Sesch channel 9 request ok
DEB [20181030-11:01:36.404] thr=1   paramiko.transport: [chan 9] EOF received (9)
DEB [20181030-11:01:36.404] thr=2   paramiko.transport: [chan 10] Max packet in: 32768 bytes
DEB [20181030-11:01:36.404] thr=1   paramiko.transport: [chan 9] EOF sent (9)
DEB [20181030-11:01:36.407] thr=1   paramiko.transport: [chan 10] Max packet out: 32768 bytes
DEB [20181030-11:01:36.407] thr=1   paramiko.transport: Secsh channel 10 opened.
DEB [20181030-11:01:36.459] thr=1   paramiko.transport: [chan 10] Sesch channel 10 request ok
DEB [20181030-11:01:36.559] thr=1   paramiko.transport: [chan 10] EOF received (10)
DEB [20181030-11:01:36.559] thr=2   paramiko.transport: [chan 11] Max packet in: 32768 bytes
DEB [20181030-11:01:36.559] thr=1   paramiko.transport: [chan 10] EOF sent (10)
DEB [20181030-11:01:36.563] thr=1   paramiko.transport: [chan 11] Max packet out: 32768 bytes
DEB [20181030-11:01:36.563] thr=1   paramiko.transport: Secsh channel 11 opened.
DEB [20181030-11:01:36.608] thr=1   paramiko.transport: [chan 11] Sesch channel 11 request ok
DEB [20181030-11:01:36.870] thr=1   paramiko.transport: [chan 11] EOF received (11)
DEB [20181030-11:01:36.870] thr=1   paramiko.transport: [chan 11] EOF sent (11)
DEB [20181030-11:01:36.871] thr=2   paramiko.transport: [chan 12] Max packet in: 32768 bytes
DEB [20181030-11:01:36.916] thr=1   paramiko.transport: [chan 12] Max packet out: 32768 bytes
DEB [20181030-11:01:36.916] thr=1   paramiko.transport: Secsh channel 12 opened.
DEB [20181030-11:01:36.920] thr=1   paramiko.transport: [chan 12] Sesch channel 12 request ok
DEB [20181030-11:01:36.981] thr=1   paramiko.transport: [chan 12] EOF received (12)
DEB [20181030-11:01:36.981] thr=2   paramiko.transport: [chan 13] Max packet in: 32768 bytes
DEB [20181030-11:01:36.981] thr=1   paramiko.transport: [chan 12] EOF sent (12)
DEB [20181030-11:01:36.985] thr=1   paramiko.transport: [chan 13] Max packet out: 32768 bytes
DEB [20181030-11:01:36.985] thr=1   paramiko.transport: Secsh channel 13 opened.
DEB [20181030-11:01:37.031] thr=1   paramiko.transport: [chan 13] Sesch channel 13 request ok
DEB [20181030-11:01:38.535] thr=1   paramiko.transport: [chan 13] EOF received (13)
DEB [20181030-11:01:38.535] thr=1   paramiko.transport: [chan 13] EOF sent (13)
DEB [20181030-11:01:38.535] thr=2   paramiko.transport: [chan 14] Max packet in: 32768 bytes
DEB [20181030-11:01:38.591] thr=1   paramiko.transport: [chan 14] Max packet out: 32768 bytes
DEB [20181030-11:01:38.591] thr=1   paramiko.transport: Secsh channel 14 opened.
DEB [20181030-11:01:38.608] thr=1   paramiko.transport: [chan 14] Sesch channel 14 request ok
DEB [20181030-11:01:38.765] thr=1   paramiko.transport: [chan 14] EOF received (14)
DEB [20181030-11:01:38.765] thr=1   paramiko.transport: [chan 14] EOF sent (14)
DEB [20181030-11:01:38.766] thr=2   paramiko.transport: [chan 15] Max packet in: 32768 bytes
DEB [20181030-11:01:38.811] thr=1   paramiko.transport: [chan 15] Max packet out: 32768 bytes
DEB [20181030-11:01:38.812] thr=1   paramiko.transport: Secsh channel 15 opened.
DEB [20181030-11:01:38.816] thr=1   paramiko.transport: [chan 15] Sesch channel 15 request ok
DEB [20181030-11:01:39.613] thr=1   paramiko.transport: [chan 15] EOF received (15)
DEB [20181030-11:01:39.613] thr=1   paramiko.transport: [chan 15] EOF sent (15)
DEB [20181030-11:01:39.614] thr=2   paramiko.transport: [chan 16] Max packet in: 32768 bytes
DEB [20181030-11:01:39.666] thr=1   paramiko.transport: [chan 16] Max packet out: 32768 bytes
DEB [20181030-11:01:39.667] thr=1   paramiko.transport: Secsh channel 16 opened.
DEB [20181030-11:01:39.686] thr=1   paramiko.transport: [chan 16] Sesch channel 16 request ok
DEB [20181030-11:01:39.764] thr=1   paramiko.transport: [chan 16] EOF received (16)
DEB [20181030-11:01:39.764] thr=2   paramiko.transport: [chan 17] Max packet in: 32768 bytes
DEB [20181030-11:01:39.764] thr=1   paramiko.transport: [chan 16] EOF sent (16)
DEB [20181030-11:01:39.766] thr=1   paramiko.transport: [chan 17] Max packet out: 32768 bytes
DEB [20181030-11:01:39.766] thr=1   paramiko.transport: Secsh channel 17 opened.
DEB [20181030-11:01:39.811] thr=1   paramiko.transport: [chan 17] Sesch channel 17 request ok
DEB [20181030-11:01:40.033] thr=1   paramiko.transport: [chan 17] EOF received (17)
DEB [20181030-11:01:40.033] thr=1   paramiko.transport: [chan 17] EOF sent (17)
DEB [20181030-11:01:40.033] thr=2   paramiko.transport: [chan 18] Max packet in: 32768 bytes
DEB [20181030-11:01:40.080] thr=1   paramiko.transport: [chan 18] Max packet out: 32768 bytes
DEB [20181030-11:01:40.080] thr=1   paramiko.transport: Secsh channel 18 opened.
DEB [20181030-11:01:40.084] thr=1   paramiko.transport: [chan 18] Sesch channel 18 request ok
DEB [20181030-11:01:40.136] thr=1   paramiko.transport: [chan 18] EOF received (18)
DEB [20181030-11:01:40.137] thr=2   paramiko.transport: [chan 19] Max packet in: 32768 bytes
DEB [20181030-11:01:40.137] thr=1   paramiko.transport: [chan 18] EOF sent (18)
DEB [20181030-11:01:40.139] thr=1   paramiko.transport: [chan 19] Max packet out: 32768 bytes
DEB [20181030-11:01:40.139] thr=1   paramiko.transport: Secsh channel 19 opened.
DEB [20181030-11:01:40.183] thr=1   paramiko.transport: [chan 19] Sesch channel 19 request ok
DEB [20181030-11:01:40.364] thr=1   paramiko.transport: [chan 19] EOF received (19)
DEB [20181030-11:01:40.364] thr=1   paramiko.transport: [chan 19] EOF sent (19)
DEB [20181030-11:01:40.364] thr=2   paramiko.transport: [chan 20] Max packet in: 32768 bytes
DEB [20181030-11:01:40.416] thr=1   paramiko.transport: [chan 20] Max packet out: 32768 bytes
DEB [20181030-11:01:40.416] thr=1   paramiko.transport: Secsh channel 20 opened.
DEB [20181030-11:01:40.431] thr=1   paramiko.transport: [chan 20] Sesch channel 20 request ok
DEB [20181030-11:01:40.508] thr=1   paramiko.transport: [chan 20] EOF received (20)
DEB [20181030-11:01:40.508] thr=2   paramiko.transport: [chan 21] Max packet in: 32768 bytes
DEB [20181030-11:01:40.508] thr=1   paramiko.transport: [chan 20] EOF sent (20)
DEB [20181030-11:01:40.511] thr=1   paramiko.transport: [chan 21] Max packet out: 32768 bytes
DEB [20181030-11:01:40.511] thr=1   paramiko.transport: Secsh channel 21 opened.
DEB [20181030-11:01:40.557] thr=1   paramiko.transport: [chan 21] Sesch channel 21 request ok
DEB [20181030-11:01:41.703] thr=1   paramiko.transport: [chan 21] EOF received (21)
DEB [20181030-11:01:41.704] thr=2   paramiko.transport: [chan 22] Max packet in: 32768 bytes
DEB [20181030-11:01:41.704] thr=1   paramiko.transport: [chan 21] EOF sent (21)
DEB [20181030-11:01:41.707] thr=1   paramiko.transport: [chan 22] Max packet out: 32768 bytes
DEB [20181030-11:01:41.707] thr=1   paramiko.transport: Secsh channel 22 opened.
DEB [20181030-11:01:41.753] thr=1   paramiko.transport: [chan 22] Sesch channel 22 request ok
DEB [20181030-11:01:41.837] thr=1   paramiko.transport: [chan 22] EOF received (22)
DEB [20181030-11:01:41.837] thr=2   paramiko.transport: [chan 23] Max packet in: 32768 bytes
DEB [20181030-11:01:41.838] thr=1   paramiko.transport: [chan 22] EOF sent (22)
DEB [20181030-11:01:41.840] thr=1   paramiko.transport: [chan 23] Max packet out: 32768 bytes
DEB [20181030-11:01:41.840] thr=1   paramiko.transport: Secsh channel 23 opened.
DEB [20181030-11:01:41.886] thr=1   paramiko.transport: [chan 23] Sesch channel 23 request ok
DEB [20181030-11:01:43.048] thr=1   paramiko.transport: [chan 23] EOF received (23)
DEB [20181030-11:01:43.060] thr=3   paramiko.transport: starting thread (client mode): 0x3e19cc0
DEB [20181030-11:01:43.060] thr=3   paramiko.transport: Local version/idstring: SSH-2.0-paramiko_2.4.2
DEB [20181030-11:01:43.079] thr=3   paramiko.transport: Remote version/idstring: SSH-2.0-OpenSSH_6.6.1
INF [20181030-11:01:43.079] thr=3   paramiko.transport: Connected (version 2.0, client OpenSSH_6.6.1)
DEB [20181030-11:01:43.113] thr=3   paramiko.transport: kex algos:['curve25519-sha256@libssh.org', 'ecdh-sha2-nistp256', 'ecdh-sha2-nistp384', 'ecdh-sha2-nistp521', 'diffie-hellman-group-exchange-sha256', 'diffie-hellman-group-exchange-sha1', 'diffie-hellman-group14-sha1', 'diffie-hellman-group1-sha1'] server key:['ssh-rsa', 'ecdsa-sha2-nistp256', 'ssh-ed25519'] client encrypt:['aes128-ctr', 'aes192-ctr', 'aes256-ctr', 'arcfour256', 'arcfour128', 'aes128-gcm@openssh.com', 'aes256-gcm@openssh.com', 'chacha20-poly1305@openssh.com', 'aes128-cbc', '3des-cbc', 'blowfish-cbc', 'cast128-cbc', 'aes192-cbc', 'aes256-cbc', 'arcfour', 'rijndael-cbc@lysator.liu.se'] server encrypt:['aes128-ctr', 'aes192-ctr', 'aes256-ctr', 'arcfour256', 'arcfour128', 'aes128-gcm@openssh.com', 'aes256-gcm@openssh.com', 'chacha20-poly1305@openssh.com', 'aes128-cbc', '3des-cbc', 'blowfish-cbc', 'cast128-cbc', 'aes192-cbc', 'aes256-cbc', 'arcfour', 'rijndael-cbc@lysator.liu.se'] client mac:['hmac-md5-etm@openssh.com', 'hmac-sha1-etm@openssh.com', 'umac-64-etm@openssh.com', 'umac-128-etm@openssh.com', 'hmac-sha2-256-etm@openssh.com', 'hmac-sha2-512-etm@openssh.com', 'hmac-ripemd160-etm@openssh.com', 'hmac-sha1-96-etm@openssh.com', 'hmac-md5-96-etm@openssh.com', 'hmac-md5', 'hmac-sha1', 'umac-64@openssh.com', 'umac-128@openssh.com', 'hmac-sha2-256', 'hmac-sha2-512', 'hmac-ripemd160', 'hmac-ripemd160@openssh.com', 'hmac-sha1-96', 'hmac-md5-96'] server mac:['hmac-md5-etm@openssh.com', 'hmac-sha1-etm@openssh.com', 'umac-64-etm@openssh.com', 'umac-128-etm@openssh.com', 'hmac-sha2-256-etm@openssh.com', 'hmac-sha2-512-etm@openssh.com', 'hmac-ripemd160-etm@openssh.com', 'hmac-sha1-96-etm@openssh.com', 'hmac-md5-96-etm@openssh.com', 'hmac-md5', 'hmac-sha1', 'umac-64@openssh.com', 'umac-128@openssh.com', 'hmac-sha2-256', 'hmac-sha2-512', 'hmac-ripemd160', 'hmac-ripemd160@openssh.com', 'hmac-sha1-96', 'hmac-md5-96'] client compress:['none', 'zlib@openssh.com'] server compress:['none', 'zlib@openssh.com'] client lang:[''] server lang:[''] kex follows?False
DEB [20181030-11:01:43.113] thr=3   paramiko.transport: Kex agreed: ecdh-sha2-nistp256
DEB [20181030-11:01:43.113] thr=3   paramiko.transport: HostKey agreed: ssh-ed25519
DEB [20181030-11:01:43.113] thr=3   paramiko.transport: Cipher agreed: aes128-ctr
DEB [20181030-11:01:43.113] thr=3   paramiko.transport: MAC agreed: hmac-sha2-256
DEB [20181030-11:01:43.113] thr=3   paramiko.transport: Compression agreed: none
DEB [20181030-11:01:43.129] thr=3   paramiko.transport: kex engine KexNistp256 specified hash_algo <built-in function openssl_sha256>
DEB [20181030-11:01:43.129] thr=3   paramiko.transport: Switch to new keys ...
DEB [20181030-11:01:43.130] thr=2   paramiko.transport: Adding ssh-ed25519 host key for [192.168.30.42]:22: b'051d7d2627cf08078aedea65558a5158'
DEB [20181030-11:01:43.130] thr=2   paramiko.transport: Trying discovered key b'8603ad35acfff4b3abc3b02a8432354a' in C:\Users\Administrator/.ssh/id_rsa
DEB [20181030-11:01:43.175] thr=3   paramiko.transport: userauth is OK
INF [20181030-11:01:43.352] thr=3   paramiko.transport: Authentication (publickey) failed.
DEB [20181030-11:01:43.359] thr=3   paramiko.transport: userauth is OK
INF [20181030-11:01:43.410] thr=3   paramiko.transport: Authentication (password) successful!
DEB [20181030-11:01:43.410] thr=2   paramiko.transport: [chan 0] Max packet in: 32768 bytes
DEB [20181030-11:01:43.438] thr=3   paramiko.transport: [chan 0] Max packet out: 32768 bytes
DEB [20181030-11:01:43.438] thr=3   paramiko.transport: Secsh channel 0 opened.
DEB [20181030-11:01:43.441] thr=3   paramiko.transport: [chan 0] Sesch channel 0 request ok
DEB [20181030-11:01:43.519] thr=3   paramiko.transport: [chan 0] EOF received (0)
DEB [20181030-11:01:43.520] thr=2   paramiko.transport: [chan 1] Max packet in: 32768 bytes
DEB [20181030-11:01:43.520] thr=3   paramiko.transport: [chan 0] EOF sent (0)
DEB [20181030-11:01:43.523] thr=3   paramiko.transport: [chan 1] Max packet out: 32768 bytes
DEB [20181030-11:01:43.523] thr=3   paramiko.transport: Secsh channel 1 opened.
DEB [20181030-11:01:43.569] thr=3   paramiko.transport: [chan 1] Sesch channel 1 request ok
DEB [20181030-11:01:45.731] thr=3   paramiko.transport: [chan 1] EOF received (1)
DEB [20181030-11:01:45.732] thr=2   paramiko.transport: [chan 2] Max packet in: 32768 bytes
DEB [20181030-11:01:45.732] thr=3   paramiko.transport: [chan 1] EOF sent (1)
DEB [20181030-11:01:45.737] thr=3   paramiko.transport: [chan 2] Max packet out: 32768 bytes
DEB [20181030-11:01:45.737] thr=3   paramiko.transport: Secsh channel 2 opened.
DEB [20181030-11:01:45.783] thr=3   paramiko.transport: [chan 2] Sesch channel 2 request ok
DEB [20181030-11:01:45.854] thr=3   paramiko.transport: [chan 2] EOF received (2)
DEB [20181030-11:01:45.855] thr=2   paramiko.transport: [chan 3] Max packet in: 32768 bytes
DEB [20181030-11:01:45.855] thr=3   paramiko.transport: [chan 2] EOF sent (2)
DEB [20181030-11:01:45.857] thr=3   paramiko.transport: [chan 3] Max packet out: 32768 bytes
DEB [20181030-11:01:45.857] thr=3   paramiko.transport: Secsh channel 3 opened.
DEB [20181030-11:01:45.905] thr=3   paramiko.transport: [chan 3] Sesch channel 3 request ok
DEB [20181030-11:01:46.668] thr=3   paramiko.transport: [chan 3] EOF received (3)
DEB [20181030-11:01:46.668] thr=2   paramiko.transport: [chan 4] Max packet in: 32768 bytes
DEB [20181030-11:01:46.669] thr=3   paramiko.transport: [chan 3] EOF sent (3)
DEB [20181030-11:01:46.673] thr=3   paramiko.transport: [chan 4] Max packet out: 32768 bytes
DEB [20181030-11:01:46.673] thr=3   paramiko.transport: Secsh channel 4 opened.
DEB [20181030-11:01:46.719] thr=3   paramiko.transport: [chan 4] Sesch channel 4 request ok
DEB [20181030-11:01:46.780] thr=3   paramiko.transport: [chan 4] EOF received (4)
DEB [20181030-11:01:46.780] thr=2   paramiko.transport: [chan 5] Max packet in: 32768 bytes
DEB [20181030-11:01:46.781] thr=3   paramiko.transport: [chan 4] EOF sent (4)
DEB [20181030-11:01:46.784] thr=3   paramiko.transport: [chan 5] Max packet out: 32768 bytes
DEB [20181030-11:01:46.784] thr=3   paramiko.transport: Secsh channel 5 opened.
DEB [20181030-11:01:46.830] thr=3   paramiko.transport: [chan 5] Sesch channel 5 request ok
DEB [20181030-11:01:47.563] thr=3   paramiko.transport: [chan 5] EOF received (5)
DEB [20181030-11:01:47.564] thr=2   paramiko.transport: [chan 6] Max packet in: 32768 bytes
DEB [20181030-11:01:47.564] thr=3   paramiko.transport: [chan 5] EOF sent (5)
DEB [20181030-11:01:47.567] thr=3   paramiko.transport: [chan 6] Max packet out: 32768 bytes
DEB [20181030-11:01:47.567] thr=3   paramiko.transport: Secsh channel 6 opened.
DEB [20181030-11:01:47.614] thr=3   paramiko.transport: [chan 6] Sesch channel 6 request ok
DEB [20181030-11:01:47.681] thr=3   paramiko.transport: [chan 6] EOF received (6)
DEB [20181030-11:01:47.682] thr=2   paramiko.transport: [chan 7] Max packet in: 32768 bytes
DEB [20181030-11:01:47.682] thr=3   paramiko.transport: [chan 6] EOF sent (6)
DEB [20181030-11:01:47.684] thr=3   paramiko.transport: [chan 7] Max packet out: 32768 bytes
DEB [20181030-11:01:47.684] thr=3   paramiko.transport: Secsh channel 7 opened.
DEB [20181030-11:01:47.731] thr=3   paramiko.transport: [chan 7] Sesch channel 7 request ok
DEB [20181030-11:01:48.430] thr=3   paramiko.transport: [chan 7] EOF received (7)
DEB [20181030-11:01:48.431] thr=3   paramiko.transport: [chan 7] EOF sent (7)
DEB [20181030-11:01:48.431] thr=2   paramiko.transport: [chan 8] Max packet in: 32768 bytes
DEB [20181030-11:01:48.479] thr=3   paramiko.transport: [chan 8] Max packet out: 32768 bytes
DEB [20181030-11:01:48.479] thr=3   paramiko.transport: Secsh channel 8 opened.
DEB [20181030-11:01:48.482] thr=3   paramiko.transport: [chan 8] Sesch channel 8 request ok
DEB [20181030-11:01:48.576] thr=3   paramiko.transport: [chan 8] EOF received (8)
DEB [20181030-11:01:48.576] thr=2   paramiko.transport: [chan 9] Max packet in: 32768 bytes
DEB [20181030-11:01:48.576] thr=3   paramiko.transport: [chan 8] EOF sent (8)
DEB [20181030-11:01:48.580] thr=3   paramiko.transport: [chan 9] Max packet out: 32768 bytes
DEB [20181030-11:01:48.580] thr=3   paramiko.transport: Secsh channel 9 opened.
DEB [20181030-11:01:48.627] thr=3   paramiko.transport: [chan 9] Sesch channel 9 request ok
DEB [20181030-11:01:49.312] thr=3   paramiko.transport: [chan 9] EOF received (9)
DEB [20181030-11:01:49.313] thr=2   paramiko.transport: [chan 10] Max packet in: 32768 bytes
DEB [20181030-11:01:49.313] thr=3   paramiko.transport: [chan 9] EOF sent (9)
DEB [20181030-11:01:49.317] thr=3   paramiko.transport: [chan 10] Max packet out: 32768 bytes
DEB [20181030-11:01:49.317] thr=3   paramiko.transport: Secsh channel 10 opened.
DEB [20181030-11:01:49.365] thr=3   paramiko.transport: [chan 10] Sesch channel 10 request ok
DEB [20181030-11:01:49.431] thr=3   paramiko.transport: [chan 10] EOF received (10)
DEB [20181030-11:01:49.431] thr=2   paramiko.transport: [chan 11] Max packet in: 32768 bytes
DEB [20181030-11:01:49.431] thr=3   paramiko.transport: [chan 10] EOF sent (10)
DEB [20181030-11:01:49.434] thr=3   paramiko.transport: [chan 11] Max packet out: 32768 bytes
DEB [20181030-11:01:49.435] thr=3   paramiko.transport: Secsh channel 11 opened.
DEB [20181030-11:01:49.480] thr=3   paramiko.transport: [chan 11] Sesch channel 11 request ok
DEB [20181030-11:01:50.225] thr=3   paramiko.transport: [chan 11] EOF received (11)
DEB [20181030-11:01:50.225] thr=2   paramiko.transport: [chan 12] Max packet in: 32768 bytes
DEB [20181030-11:01:50.226] thr=3   paramiko.transport: [chan 11] EOF sent (11)
DEB [20181030-11:01:50.229] thr=3   paramiko.transport: [chan 12] Max packet out: 32768 bytes
DEB [20181030-11:01:50.229] thr=3   paramiko.transport: Secsh channel 12 opened.
DEB [20181030-11:01:50.275] thr=3   paramiko.transport: [chan 12] Sesch channel 12 request ok
DEB [20181030-11:01:50.351] thr=3   paramiko.transport: [chan 12] EOF received (12)
DEB [20181030-11:01:50.351] thr=2   paramiko.transport: [chan 13] Max packet in: 32768 bytes
DEB [20181030-11:01:50.352] thr=3   paramiko.transport: [chan 12] EOF sent (12)
DEB [20181030-11:01:50.354] thr=3   paramiko.transport: [chan 13] Max packet out: 32768 bytes
DEB [20181030-11:01:50.355] thr=3   paramiko.transport: Secsh channel 13 opened.
DEB [20181030-11:01:50.401] thr=3   paramiko.transport: [chan 13] Sesch channel 13 request ok
DEB [20181030-11:01:51.146] thr=3   paramiko.transport: [chan 13] EOF received (13)
DEB [20181030-11:01:51.147] thr=2   paramiko.transport: [chan 14] Max packet in: 32768 bytes
DEB [20181030-11:01:51.147] thr=3   paramiko.transport: [chan 13] EOF sent (13)
DEB [20181030-11:01:51.150] thr=3   paramiko.transport: [chan 14] Max packet out: 32768 bytes
DEB [20181030-11:01:51.150] thr=3   paramiko.transport: Secsh channel 14 opened.
DEB [20181030-11:01:51.153] thr=3   paramiko.transport: [chan 14] Sesch channel 14 request ok
DEB [20181030-11:01:51.225] thr=3   paramiko.transport: [chan 14] EOF received (14)
DEB [20181030-11:01:51.226] thr=3   paramiko.transport: [chan 14] EOF sent (14)
DEB [20181030-11:01:51.226] thr=2   paramiko.transport: [chan 15] Max packet in: 32768 bytes
DEB [20181030-11:01:51.279] thr=3   paramiko.transport: [chan 15] Max packet out: 32768 bytes
DEB [20181030-11:01:51.279] thr=3   paramiko.transport: Secsh channel 15 opened.
DEB [20181030-11:01:51.287] thr=3   paramiko.transport: [chan 15] Sesch channel 15 request ok
DEB [20181030-11:01:52.004] thr=3   paramiko.transport: [chan 15] EOF received (15)
DEB [20181030-11:01:52.004] thr=2   paramiko.transport: [chan 16] Max packet in: 32768 bytes
DEB [20181030-11:01:52.004] thr=3   paramiko.transport: [chan 15] EOF sent (15)
DEB [20181030-11:01:52.006] thr=3   paramiko.transport: [chan 16] Max packet out: 32768 bytes
DEB [20181030-11:01:52.006] thr=3   paramiko.transport: Secsh channel 16 opened.
DEB [20181030-11:01:52.052] thr=3   paramiko.transport: [chan 16] Sesch channel 16 request ok
DEB [20181030-11:01:52.147] thr=3   paramiko.transport: [chan 16] EOF received (16)
DEB [20181030-11:01:52.147] thr=2   paramiko.transport: [chan 17] Max packet in: 32768 bytes
DEB [20181030-11:01:52.148] thr=3   paramiko.transport: [chan 16] EOF sent (16)
DEB [20181030-11:01:52.151] thr=3   paramiko.transport: [chan 17] Max packet out: 32768 bytes
DEB [20181030-11:01:52.151] thr=3   paramiko.transport: Secsh channel 17 opened.
DEB [20181030-11:01:52.196] thr=3   paramiko.transport: [chan 17] Sesch channel 17 request ok
DEB [20181030-11:01:52.891] thr=3   paramiko.transport: [chan 17] EOF received (17)
DEB [20181030-11:17:41.925] thr=1   paramiko.transport: starting thread (client mode): 0x36eea90
DEB [20181030-11:17:41.925] thr=1   paramiko.transport: Local version/idstring: SSH-2.0-paramiko_2.4.2
DEB [20181030-11:17:41.979] thr=1   paramiko.transport: Remote version/idstring: SSH-2.0-OpenSSH_6.6.1
INF [20181030-11:17:41.979] thr=1   paramiko.transport: Connected (version 2.0, client OpenSSH_6.6.1)
DEB [20181030-11:17:41.988] thr=1   paramiko.transport: kex algos:['curve25519-sha256@libssh.org', 'ecdh-sha2-nistp256', 'ecdh-sha2-nistp384', 'ecdh-sha2-nistp521', 'diffie-hellman-group-exchange-sha256', 'diffie-hellman-group-exchange-sha1', 'diffie-hellman-group14-sha1', 'diffie-hellman-group1-sha1'] server key:['ssh-rsa', 'ecdsa-sha2-nistp256', 'ssh-ed25519'] client encrypt:['aes128-ctr', 'aes192-ctr', 'aes256-ctr', 'arcfour256', 'arcfour128', 'aes128-gcm@openssh.com', 'aes256-gcm@openssh.com', 'chacha20-poly1305@openssh.com', 'aes128-cbc', '3des-cbc', 'blowfish-cbc', 'cast128-cbc', 'aes192-cbc', 'aes256-cbc', 'arcfour', 'rijndael-cbc@lysator.liu.se'] server encrypt:['aes128-ctr', 'aes192-ctr', 'aes256-ctr', 'arcfour256', 'arcfour128', 'aes128-gcm@openssh.com', 'aes256-gcm@openssh.com', 'chacha20-poly1305@openssh.com', 'aes128-cbc', '3des-cbc', 'blowfish-cbc', 'cast128-cbc', 'aes192-cbc', 'aes256-cbc', 'arcfour', 'rijndael-cbc@lysator.liu.se'] client mac:['hmac-md5-etm@openssh.com', 'hmac-sha1-etm@openssh.com', 'umac-64-etm@openssh.com', 'umac-128-etm@openssh.com', 'hmac-sha2-256-etm@openssh.com', 'hmac-sha2-512-etm@openssh.com', 'hmac-ripemd160-etm@openssh.com', 'hmac-sha1-96-etm@openssh.com', 'hmac-md5-96-etm@openssh.com', 'hmac-md5', 'hmac-sha1', 'umac-64@openssh.com', 'umac-128@openssh.com', 'hmac-sha2-256', 'hmac-sha2-512', 'hmac-ripemd160', 'hmac-ripemd160@openssh.com', 'hmac-sha1-96', 'hmac-md5-96'] server mac:['hmac-md5-etm@openssh.com', 'hmac-sha1-etm@openssh.com', 'umac-64-etm@openssh.com', 'umac-128-etm@openssh.com', 'hmac-sha2-256-etm@openssh.com', 'hmac-sha2-512-etm@openssh.com', 'hmac-ripemd160-etm@openssh.com', 'hmac-sha1-96-etm@openssh.com', 'hmac-md5-96-etm@openssh.com', 'hmac-md5', 'hmac-sha1', 'umac-64@openssh.com', 'umac-128@openssh.com', 'hmac-sha2-256', 'hmac-sha2-512', 'hmac-ripemd160', 'hmac-ripemd160@openssh.com', 'hmac-sha1-96', 'hmac-md5-96'] client compress:['none', 'zlib@openssh.com'] server compress:['none', 'zlib@openssh.com'] client lang:[''] server lang:[''] kex follows?False
DEB [20181030-11:17:41.988] thr=1   paramiko.transport: Kex agreed: ecdh-sha2-nistp256
DEB [20181030-11:17:41.988] thr=1   paramiko.transport: HostKey agreed: ssh-ed25519
DEB [20181030-11:17:41.988] thr=1   paramiko.transport: Cipher agreed: aes128-ctr
DEB [20181030-11:17:41.988] thr=1   paramiko.transport: MAC agreed: hmac-sha2-256
DEB [20181030-11:17:41.988] thr=1   paramiko.transport: Compression agreed: none
DEB [20181030-11:17:42.055] thr=1   paramiko.transport: kex engine KexNistp256 specified hash_algo <built-in function openssl_sha256>
DEB [20181030-11:17:42.056] thr=1   paramiko.transport: Switch to new keys ...
DEB [20181030-11:17:42.056] thr=2   paramiko.transport: Adding ssh-ed25519 host key for [192.168.30.42]:22: b'051d7d2627cf08078aedea65558a5158'
DEB [20181030-11:17:42.060] thr=2   paramiko.transport: Trying discovered key b'8603ad35acfff4b3abc3b02a8432354a' in C:\Users\Administrator/.ssh/id_rsa
DEB [20181030-11:17:42.101] thr=1   paramiko.transport: userauth is OK
INF [20181030-11:17:42.154] thr=1   paramiko.transport: Authentication (publickey) failed.
DEB [20181030-11:17:42.158] thr=1   paramiko.transport: userauth is OK
INF [20181030-11:17:42.188] thr=1   paramiko.transport: Authentication (password) successful!
DEB [20181030-11:17:42.188] thr=2   paramiko.transport: [chan 0] Max packet in: 32768 bytes
DEB [20181030-11:17:42.227] thr=1   paramiko.transport: [chan 0] Max packet out: 32768 bytes
DEB [20181030-11:17:42.227] thr=1   paramiko.transport: Secsh channel 0 opened.
DEB [20181030-11:17:42.231] thr=1   paramiko.transport: [chan 0] Sesch channel 0 request ok
DEB [20181030-11:17:42.326] thr=1   paramiko.transport: [chan 0] EOF received (0)
DEB [20181030-11:17:42.327] thr=2   paramiko.transport: [chan 1] Max packet in: 32768 bytes
DEB [20181030-11:17:42.327] thr=1   paramiko.transport: [chan 0] EOF sent (0)
DEB [20181030-11:17:42.332] thr=1   paramiko.transport: [chan 1] Max packet out: 32768 bytes
DEB [20181030-11:17:42.332] thr=1   paramiko.transport: Secsh channel 1 opened.
DEB [20181030-11:17:42.378] thr=1   paramiko.transport: [chan 1] Sesch channel 1 request ok
DEB [20181030-11:17:42.590] thr=1   paramiko.transport: [chan 1] EOF received (1)
DEB [20181030-11:17:42.591] thr=2   paramiko.transport: [chan 2] Max packet in: 32768 bytes
DEB [20181030-11:17:42.591] thr=1   paramiko.transport: [chan 1] EOF sent (1)
DEB [20181030-11:17:42.596] thr=1   paramiko.transport: [chan 2] Max packet out: 32768 bytes
DEB [20181030-11:17:42.596] thr=1   paramiko.transport: Secsh channel 2 opened.
DEB [20181030-11:17:42.653] thr=1   paramiko.transport: [chan 2] Sesch channel 2 request ok
DEB [20181030-11:17:42.748] thr=1   paramiko.transport: [chan 2] EOF received (2)
DEB [20181030-11:17:42.748] thr=2   paramiko.transport: [chan 3] Max packet in: 32768 bytes
DEB [20181030-11:17:42.749] thr=1   paramiko.transport: [chan 2] EOF sent (2)
DEB [20181030-11:17:42.753] thr=1   paramiko.transport: [chan 3] Max packet out: 32768 bytes
DEB [20181030-11:17:42.753] thr=1   paramiko.transport: Secsh channel 3 opened.
DEB [20181030-11:17:42.800] thr=1   paramiko.transport: [chan 3] Sesch channel 3 request ok
DEB [20181030-11:17:43.019] thr=1   paramiko.transport: [chan 3] EOF received (3)
DEB [20181030-11:17:43.019] thr=1   paramiko.transport: [chan 3] EOF sent (3)
DEB [20181030-11:17:43.019] thr=2   paramiko.transport: [chan 4] Max packet in: 32768 bytes
DEB [20181030-11:17:43.064] thr=1   paramiko.transport: [chan 4] Max packet out: 32768 bytes
DEB [20181030-11:17:43.064] thr=1   paramiko.transport: Secsh channel 4 opened.
DEB [20181030-11:17:43.067] thr=1   paramiko.transport: [chan 4] Sesch channel 4 request ok
DEB [20181030-11:17:43.122] thr=1   paramiko.transport: [chan 4] EOF received (4)
DEB [20181030-11:17:43.123] thr=2   paramiko.transport: [chan 5] Max packet in: 32768 bytes
DEB [20181030-11:17:43.123] thr=1   paramiko.transport: [chan 4] EOF sent (4)
DEB [20181030-11:17:43.127] thr=1   paramiko.transport: [chan 5] Max packet out: 32768 bytes
DEB [20181030-11:17:43.128] thr=1   paramiko.transport: Secsh channel 5 opened.
DEB [20181030-11:17:43.182] thr=1   paramiko.transport: [chan 5] Sesch channel 5 request ok
DEB [20181030-11:17:45.535] thr=1   paramiko.transport: [chan 5] EOF received (5)
DEB [20181030-11:17:45.535] thr=2   paramiko.transport: [chan 6] Max packet in: 32768 bytes
DEB [20181030-11:17:45.536] thr=1   paramiko.transport: [chan 5] EOF sent (5)
DEB [20181030-11:17:45.538] thr=1   paramiko.transport: [chan 6] Max packet out: 32768 bytes
DEB [20181030-11:17:45.538] thr=1   paramiko.transport: Secsh channel 6 opened.
DEB [20181030-11:17:45.585] thr=1   paramiko.transport: [chan 6] Sesch channel 6 request ok
DEB [20181030-11:17:45.658] thr=1   paramiko.transport: [chan 6] EOF received (6)
DEB [20181030-11:17:45.658] thr=2   paramiko.transport: [chan 7] Max packet in: 32768 bytes
DEB [20181030-11:17:45.662] thr=1   paramiko.transport: [chan 6] EOF sent (6)
DEB [20181030-11:17:45.663] thr=1   paramiko.transport: [chan 7] Max packet out: 32768 bytes
DEB [20181030-11:17:45.663] thr=1   paramiko.transport: Secsh channel 7 opened.
DEB [20181030-11:17:45.709] thr=1   paramiko.transport: [chan 7] Sesch channel 7 request ok
DEB [20181030-11:17:47.381] thr=1   paramiko.transport: [chan 7] EOF received (7)
DEB [20181030-11:17:47.382] thr=2   paramiko.transport: [chan 8] Max packet in: 32768 bytes
DEB [20181030-11:17:47.382] thr=1   paramiko.transport: [chan 7] EOF sent (7)
DEB [20181030-11:17:47.387] thr=1   paramiko.transport: [chan 8] Max packet out: 32768 bytes
DEB [20181030-11:17:47.387] thr=1   paramiko.transport: Secsh channel 8 opened.
DEB [20181030-11:17:47.434] thr=1   paramiko.transport: [chan 8] Sesch channel 8 request ok
DEB [20181030-11:17:47.533] thr=1   paramiko.transport: [chan 8] EOF received (8)
DEB [20181030-11:17:47.533] thr=2   paramiko.transport: [chan 9] Max packet in: 32768 bytes
DEB [20181030-11:17:47.534] thr=1   paramiko.transport: [chan 8] EOF sent (8)
DEB [20181030-11:17:47.538] thr=1   paramiko.transport: [chan 9] Max packet out: 32768 bytes
DEB [20181030-11:17:47.538] thr=1   paramiko.transport: Secsh channel 9 opened.
DEB [20181030-11:17:47.607] thr=1   paramiko.transport: [chan 9] Sesch channel 9 request ok
DEB [20181030-11:17:47.887] thr=1   paramiko.transport: [chan 9] EOF received (9)
DEB [20181030-11:17:47.888] thr=2   paramiko.transport: [chan 10] Max packet in: 32768 bytes
DEB [20181030-11:17:47.888] thr=1   paramiko.transport: [chan 9] EOF sent (9)
DEB [20181030-11:17:47.890] thr=1   paramiko.transport: [chan 10] Max packet out: 32768 bytes
DEB [20181030-11:17:47.890] thr=1   paramiko.transport: Secsh channel 10 opened.
DEB [20181030-11:17:47.936] thr=1   paramiko.transport: [chan 10] Sesch channel 10 request ok
DEB [20181030-11:17:48.008] thr=1   paramiko.transport: [chan 10] EOF received (10)
DEB [20181030-11:17:48.008] thr=2   paramiko.transport: [chan 11] Max packet in: 32768 bytes
DEB [20181030-11:17:48.008] thr=1   paramiko.transport: [chan 10] EOF sent (10)
DEB [20181030-11:17:48.012] thr=1   paramiko.transport: [chan 11] Max packet out: 32768 bytes
DEB [20181030-11:17:48.012] thr=1   paramiko.transport: Secsh channel 11 opened.
DEB [20181030-11:17:48.058] thr=1   paramiko.transport: [chan 11] Sesch channel 11 request ok
DEB [20181030-11:17:48.273] thr=1   paramiko.transport: [chan 11] EOF received (11)
DEB [20181030-11:17:48.273] thr=2   paramiko.transport: [chan 12] Max packet in: 32768 bytes
DEB [20181030-11:17:48.273] thr=1   paramiko.transport: [chan 11] EOF sent (11)
DEB [20181030-11:17:48.276] thr=1   paramiko.transport: [chan 12] Max packet out: 32768 bytes
DEB [20181030-11:17:48.276] thr=1   paramiko.transport: Secsh channel 12 opened.
DEB [20181030-11:17:48.324] thr=1   paramiko.transport: [chan 12] Sesch channel 12 request ok
DEB [20181030-11:17:48.386] thr=1   paramiko.transport: [chan 12] EOF received (12)
DEB [20181030-11:17:48.386] thr=2   paramiko.transport: [chan 13] Max packet in: 32768 bytes
DEB [20181030-11:17:48.387] thr=1   paramiko.transport: [chan 12] EOF sent (12)
DEB [20181030-11:17:48.389] thr=1   paramiko.transport: [chan 13] Max packet out: 32768 bytes
DEB [20181030-11:17:48.389] thr=1   paramiko.transport: Secsh channel 13 opened.
DEB [20181030-11:17:48.436] thr=1   paramiko.transport: [chan 13] Sesch channel 13 request ok
DEB [20181030-11:17:50.000] thr=1   paramiko.transport: [chan 13] EOF received (13)
DEB [20181030-11:17:50.000] thr=1   paramiko.transport: [chan 13] EOF sent (13)
DEB [20181030-11:17:50.000] thr=2   paramiko.transport: [chan 14] Max packet in: 32768 bytes
DEB [20181030-11:17:50.046] thr=1   paramiko.transport: [chan 14] Max packet out: 32768 bytes
DEB [20181030-11:17:50.046] thr=1   paramiko.transport: Secsh channel 14 opened.
DEB [20181030-11:17:50.049] thr=1   paramiko.transport: [chan 14] Sesch channel 14 request ok
DEB [20181030-11:17:50.119] thr=1   paramiko.transport: [chan 14] EOF received (14)
DEB [20181030-11:17:50.120] thr=2   paramiko.transport: [chan 15] Max packet in: 32768 bytes
DEB [20181030-11:17:50.120] thr=1   paramiko.transport: [chan 14] EOF sent (14)
DEB [20181030-11:17:50.123] thr=1   paramiko.transport: [chan 15] Max packet out: 32768 bytes
DEB [20181030-11:17:50.123] thr=1   paramiko.transport: Secsh channel 15 opened.
DEB [20181030-11:17:50.169] thr=1   paramiko.transport: [chan 15] Sesch channel 15 request ok
DEB [20181030-11:17:51.801] thr=1   paramiko.transport: [chan 15] EOF received (15)
DEB [20181030-11:17:51.802] thr=1   paramiko.transport: [chan 15] EOF sent (15)
DEB [20181030-11:17:51.802] thr=2   paramiko.transport: [chan 16] Max packet in: 32768 bytes
DEB [20181030-11:17:51.848] thr=1   paramiko.transport: [chan 16] Max packet out: 32768 bytes
DEB [20181030-11:17:51.848] thr=1   paramiko.transport: Secsh channel 16 opened.
DEB [20181030-11:17:51.852] thr=1   paramiko.transport: [chan 16] Sesch channel 16 request ok
DEB [20181030-11:17:51.947] thr=1   paramiko.transport: [chan 16] EOF received (16)
DEB [20181030-11:17:51.947] thr=2   paramiko.transport: [chan 17] Max packet in: 32768 bytes
DEB [20181030-11:17:51.948] thr=1   paramiko.transport: [chan 16] EOF sent (16)
DEB [20181030-11:17:51.951] thr=1   paramiko.transport: [chan 17] Max packet out: 32768 bytes
DEB [20181030-11:17:51.951] thr=1   paramiko.transport: Secsh channel 17 opened.
DEB [20181030-11:17:51.998] thr=1   paramiko.transport: [chan 17] Sesch channel 17 request ok
DEB [20181030-11:17:52.232] thr=1   paramiko.transport: [chan 17] EOF received (17)
DEB [20181030-11:17:52.232] thr=1   paramiko.transport: [chan 17] EOF sent (17)
DEB [20181030-11:17:52.232] thr=2   paramiko.transport: [chan 18] Max packet in: 32768 bytes
DEB [20181030-11:17:52.279] thr=1   paramiko.transport: [chan 18] Max packet out: 32768 bytes
DEB [20181030-11:17:52.279] thr=1   paramiko.transport: Secsh channel 18 opened.
DEB [20181030-11:17:52.316] thr=1   paramiko.transport: [chan 18] Sesch channel 18 request ok
DEB [20181030-11:17:52.373] thr=1   paramiko.transport: [chan 18] EOF received (18)
DEB [20181030-11:17:52.373] thr=2   paramiko.transport: [chan 19] Max packet in: 32768 bytes
DEB [20181030-11:17:52.374] thr=1   paramiko.transport: [chan 18] EOF sent (18)
DEB [20181030-11:17:52.375] thr=1   paramiko.transport: [chan 19] Max packet out: 32768 bytes
DEB [20181030-11:17:52.376] thr=1   paramiko.transport: Secsh channel 19 opened.
DEB [20181030-11:17:52.422] thr=1   paramiko.transport: [chan 19] Sesch channel 19 request ok
DEB [20181030-11:17:52.675] thr=1   paramiko.transport: [chan 19] EOF received (19)
DEB [20181030-11:17:52.676] thr=2   paramiko.transport: [chan 20] Max packet in: 32768 bytes
DEB [20181030-11:17:52.676] thr=1   paramiko.transport: [chan 19] EOF sent (19)
DEB [20181030-11:17:52.679] thr=1   paramiko.transport: [chan 20] Max packet out: 32768 bytes
DEB [20181030-11:17:52.679] thr=1   paramiko.transport: Secsh channel 20 opened.
DEB [20181030-11:17:52.725] thr=1   paramiko.transport: [chan 20] Sesch channel 20 request ok
DEB [20181030-11:17:52.790] thr=1   paramiko.transport: [chan 20] EOF received (20)
DEB [20181030-11:17:52.790] thr=2   paramiko.transport: [chan 21] Max packet in: 32768 bytes
DEB [20181030-11:17:52.790] thr=1   paramiko.transport: [chan 20] EOF sent (20)
DEB [20181030-11:17:52.794] thr=1   paramiko.transport: [chan 21] Max packet out: 32768 bytes
DEB [20181030-11:17:52.795] thr=1   paramiko.transport: Secsh channel 21 opened.
DEB [20181030-11:17:52.841] thr=1   paramiko.transport: [chan 21] Sesch channel 21 request ok
DEB [20181030-11:17:54.523] thr=1   paramiko.transport: [chan 21] EOF received (21)
DEB [20181030-11:17:54.523] thr=1   paramiko.transport: [chan 21] EOF sent (21)
DEB [20181030-11:17:54.523] thr=2   paramiko.transport: [chan 22] Max packet in: 32768 bytes
DEB [20181030-11:17:54.582] thr=1   paramiko.transport: [chan 22] Max packet out: 32768 bytes
DEB [20181030-11:17:54.582] thr=1   paramiko.transport: Secsh channel 22 opened.
DEB [20181030-11:17:54.605] thr=1   paramiko.transport: [chan 22] Sesch channel 22 request ok
DEB [20181030-11:17:54.700] thr=1   paramiko.transport: [chan 22] EOF received (22)
DEB [20181030-11:17:54.700] thr=2   paramiko.transport: [chan 23] Max packet in: 32768 bytes
DEB [20181030-11:17:54.700] thr=1   paramiko.transport: [chan 22] EOF sent (22)
DEB [20181030-11:17:54.704] thr=1   paramiko.transport: [chan 23] Max packet out: 32768 bytes
DEB [20181030-11:17:54.704] thr=1   paramiko.transport: Secsh channel 23 opened.
DEB [20181030-11:17:54.754] thr=1   paramiko.transport: [chan 23] Sesch channel 23 request ok
DEB [20181030-11:17:56.286] thr=1   paramiko.transport: [chan 23] EOF received (23)
DEB [20181030-11:17:56.299] thr=3   paramiko.transport: starting thread (client mode): 0x3c19cf8
DEB [20181030-11:17:56.299] thr=3   paramiko.transport: Local version/idstring: SSH-2.0-paramiko_2.4.2
DEB [20181030-11:17:56.319] thr=3   paramiko.transport: Remote version/idstring: SSH-2.0-OpenSSH_6.6.1
INF [20181030-11:17:56.320] thr=3   paramiko.transport: Connected (version 2.0, client OpenSSH_6.6.1)
DEB [20181030-11:17:56.327] thr=3   paramiko.transport: kex algos:['curve25519-sha256@libssh.org', 'ecdh-sha2-nistp256', 'ecdh-sha2-nistp384', 'ecdh-sha2-nistp521', 'diffie-hellman-group-exchange-sha256', 'diffie-hellman-group-exchange-sha1', 'diffie-hellman-group14-sha1', 'diffie-hellman-group1-sha1'] server key:['ssh-rsa', 'ecdsa-sha2-nistp256', 'ssh-ed25519'] client encrypt:['aes128-ctr', 'aes192-ctr', 'aes256-ctr', 'arcfour256', 'arcfour128', 'aes128-gcm@openssh.com', 'aes256-gcm@openssh.com', 'chacha20-poly1305@openssh.com', 'aes128-cbc', '3des-cbc', 'blowfish-cbc', 'cast128-cbc', 'aes192-cbc', 'aes256-cbc', 'arcfour', 'rijndael-cbc@lysator.liu.se'] server encrypt:['aes128-ctr', 'aes192-ctr', 'aes256-ctr', 'arcfour256', 'arcfour128', 'aes128-gcm@openssh.com', 'aes256-gcm@openssh.com', 'chacha20-poly1305@openssh.com', 'aes128-cbc', '3des-cbc', 'blowfish-cbc', 'cast128-cbc', 'aes192-cbc', 'aes256-cbc', 'arcfour', 'rijndael-cbc@lysator.liu.se'] client mac:['hmac-md5-etm@openssh.com', 'hmac-sha1-etm@openssh.com', 'umac-64-etm@openssh.com', 'umac-128-etm@openssh.com', 'hmac-sha2-256-etm@openssh.com', 'hmac-sha2-512-etm@openssh.com', 'hmac-ripemd160-etm@openssh.com', 'hmac-sha1-96-etm@openssh.com', 'hmac-md5-96-etm@openssh.com', 'hmac-md5', 'hmac-sha1', 'umac-64@openssh.com', 'umac-128@openssh.com', 'hmac-sha2-256', 'hmac-sha2-512', 'hmac-ripemd160', 'hmac-ripemd160@openssh.com', 'hmac-sha1-96', 'hmac-md5-96'] server mac:['hmac-md5-etm@openssh.com', 'hmac-sha1-etm@openssh.com', 'umac-64-etm@openssh.com', 'umac-128-etm@openssh.com', 'hmac-sha2-256-etm@openssh.com', 'hmac-sha2-512-etm@openssh.com', 'hmac-ripemd160-etm@openssh.com', 'hmac-sha1-96-etm@openssh.com', 'hmac-md5-96-etm@openssh.com', 'hmac-md5', 'hmac-sha1', 'umac-64@openssh.com', 'umac-128@openssh.com', 'hmac-sha2-256', 'hmac-sha2-512', 'hmac-ripemd160', 'hmac-ripemd160@openssh.com', 'hmac-sha1-96', 'hmac-md5-96'] client compress:['none', 'zlib@openssh.com'] server compress:['none', 'zlib@openssh.com'] client lang:[''] server lang:[''] kex follows?False
DEB [20181030-11:17:56.327] thr=3   paramiko.transport: Kex agreed: ecdh-sha2-nistp256
DEB [20181030-11:17:56.327] thr=3   paramiko.transport: HostKey agreed: ssh-ed25519
DEB [20181030-11:17:56.327] thr=3   paramiko.transport: Cipher agreed: aes128-ctr
DEB [20181030-11:17:56.327] thr=3   paramiko.transport: MAC agreed: hmac-sha2-256
DEB [20181030-11:17:56.327] thr=3   paramiko.transport: Compression agreed: none
DEB [20181030-11:17:56.362] thr=3   paramiko.transport: kex engine KexNistp256 specified hash_algo <built-in function openssl_sha256>
DEB [20181030-11:17:56.362] thr=3   paramiko.transport: Switch to new keys ...
DEB [20181030-11:17:56.362] thr=2   paramiko.transport: Adding ssh-ed25519 host key for [192.168.30.42]:22: b'051d7d2627cf08078aedea65558a5158'
DEB [20181030-11:17:56.363] thr=2   paramiko.transport: Trying discovered key b'8603ad35acfff4b3abc3b02a8432354a' in C:\Users\Administrator/.ssh/id_rsa
DEB [20181030-11:17:56.408] thr=3   paramiko.transport: userauth is OK
INF [20181030-11:17:56.461] thr=3   paramiko.transport: Authentication (publickey) failed.
DEB [20181030-11:17:56.468] thr=3   paramiko.transport: userauth is OK
INF [20181030-11:17:56.510] thr=3   paramiko.transport: Authentication (password) successful!
DEB [20181030-11:17:56.511] thr=2   paramiko.transport: [chan 0] Max packet in: 32768 bytes
DEB [20181030-11:17:56.545] thr=3   paramiko.transport: [chan 0] Max packet out: 32768 bytes
DEB [20181030-11:17:56.545] thr=3   paramiko.transport: Secsh channel 0 opened.
DEB [20181030-11:17:56.549] thr=3   paramiko.transport: [chan 0] Sesch channel 0 request ok
DEB [20181030-11:17:56.656] thr=3   paramiko.transport: [chan 0] EOF received (0)
DEB [20181030-11:17:56.657] thr=3   paramiko.transport: [chan 0] EOF sent (0)
DEB [20181030-11:17:56.657] thr=2   paramiko.transport: [chan 1] Max packet in: 32768 bytes
DEB [20181030-11:17:56.703] thr=3   paramiko.transport: [chan 1] Max packet out: 32768 bytes
DEB [20181030-11:17:56.703] thr=3   paramiko.transport: Secsh channel 1 opened.
DEB [20181030-11:17:56.706] thr=3   paramiko.transport: [chan 1] Sesch channel 1 request ok
DEB [20181030-11:17:57.875] thr=3   paramiko.transport: [chan 1] EOF received (1)
DEB [20181030-11:17:57.875] thr=2   paramiko.transport: [chan 2] Max packet in: 32768 bytes
DEB [20181030-11:17:57.876] thr=3   paramiko.transport: [chan 1] EOF sent (1)
DEB [20181030-11:17:57.879] thr=3   paramiko.transport: [chan 2] Max packet out: 32768 bytes
DEB [20181030-11:17:57.879] thr=3   paramiko.transport: Secsh channel 2 opened.
DEB [20181030-11:17:57.924] thr=3   paramiko.transport: [chan 2] Sesch channel 2 request ok
DEB [20181030-11:17:57.991] thr=3   paramiko.transport: [chan 2] EOF received (2)
DEB [20181030-11:17:57.991] thr=2   paramiko.transport: [chan 3] Max packet in: 32768 bytes
DEB [20181030-11:17:57.991] thr=3   paramiko.transport: [chan 2] EOF sent (2)
DEB [20181030-11:17:57.994] thr=3   paramiko.transport: [chan 3] Max packet out: 32768 bytes
DEB [20181030-11:17:57.994] thr=3   paramiko.transport: Secsh channel 3 opened.
DEB [20181030-11:17:58.041] thr=3   paramiko.transport: [chan 3] Sesch channel 3 request ok
DEB [20181030-11:17:59.059] thr=3   paramiko.transport: [chan 3] EOF received (3)
DEB [20181030-11:17:59.059] thr=2   paramiko.transport: [chan 4] Max packet in: 32768 bytes
DEB [20181030-11:17:59.059] thr=3   paramiko.transport: [chan 3] EOF sent (3)
DEB [20181030-11:17:59.062] thr=3   paramiko.transport: [chan 4] Max packet out: 32768 bytes
DEB [20181030-11:17:59.062] thr=3   paramiko.transport: Secsh channel 4 opened.
DEB [20181030-11:17:59.107] thr=3   paramiko.transport: [chan 4] Sesch channel 4 request ok
DEB [20181030-11:17:59.166] thr=3   paramiko.transport: [chan 4] EOF received (4)
DEB [20181030-11:17:59.167] thr=2   paramiko.transport: [chan 5] Max packet in: 32768 bytes
DEB [20181030-11:17:59.167] thr=3   paramiko.transport: [chan 4] EOF sent (4)
DEB [20181030-11:17:59.170] thr=3   paramiko.transport: [chan 5] Max packet out: 32768 bytes
DEB [20181030-11:17:59.170] thr=3   paramiko.transport: Secsh channel 5 opened.
DEB [20181030-11:17:59.215] thr=3   paramiko.transport: [chan 5] Sesch channel 5 request ok
DEB [20181030-11:17:59.942] thr=3   paramiko.transport: [chan 5] EOF received (5)
DEB [20181030-11:17:59.942] thr=2   paramiko.transport: [chan 6] Max packet in: 32768 bytes
DEB [20181030-11:17:59.942] thr=3   paramiko.transport: [chan 5] EOF sent (5)
DEB [20181030-11:17:59.945] thr=3   paramiko.transport: [chan 6] Max packet out: 32768 bytes
DEB [20181030-11:17:59.945] thr=3   paramiko.transport: Secsh channel 6 opened.
DEB [20181030-11:17:59.992] thr=3   paramiko.transport: [chan 6] Sesch channel 6 request ok
DEB [20181030-11:18:00.057] thr=3   paramiko.transport: [chan 6] EOF received (6)
DEB [20181030-11:18:00.057] thr=2   paramiko.transport: [chan 7] Max packet in: 32768 bytes
DEB [20181030-11:18:00.057] thr=3   paramiko.transport: [chan 6] EOF sent (6)
DEB [20181030-11:18:00.060] thr=3   paramiko.transport: [chan 7] Max packet out: 32768 bytes
DEB [20181030-11:18:00.060] thr=3   paramiko.transport: Secsh channel 7 opened.
DEB [20181030-11:18:00.105] thr=3   paramiko.transport: [chan 7] Sesch channel 7 request ok
DEB [20181030-11:18:00.834] thr=3   paramiko.transport: [chan 7] EOF received (7)
DEB [20181030-11:18:00.834] thr=2   paramiko.transport: [chan 8] Max packet in: 32768 bytes
DEB [20181030-11:18:00.834] thr=3   paramiko.transport: [chan 7] EOF sent (7)
DEB [20181030-11:18:00.838] thr=3   paramiko.transport: [chan 8] Max packet out: 32768 bytes
DEB [20181030-11:18:00.838] thr=3   paramiko.transport: Secsh channel 8 opened.
DEB [20181030-11:18:00.883] thr=3   paramiko.transport: [chan 8] Sesch channel 8 request ok
DEB [20181030-11:18:00.952] thr=3   paramiko.transport: [chan 8] EOF received (8)
DEB [20181030-11:18:00.952] thr=2   paramiko.transport: [chan 9] Max packet in: 32768 bytes
DEB [20181030-11:18:00.952] thr=3   paramiko.transport: [chan 8] EOF sent (8)
DEB [20181030-11:18:00.956] thr=3   paramiko.transport: [chan 9] Max packet out: 32768 bytes
DEB [20181030-11:18:00.956] thr=3   paramiko.transport: Secsh channel 9 opened.
DEB [20181030-11:18:01.004] thr=3   paramiko.transport: [chan 9] Sesch channel 9 request ok
DEB [20181030-11:18:01.801] thr=3   paramiko.transport: [chan 9] EOF received (9)
DEB [20181030-11:18:01.802] thr=2   paramiko.transport: [chan 10] Max packet in: 32768 bytes
DEB [20181030-11:18:01.802] thr=3   paramiko.transport: [chan 9] EOF sent (9)
DEB [20181030-11:18:01.805] thr=3   paramiko.transport: [chan 10] Max packet out: 32768 bytes
DEB [20181030-11:18:01.805] thr=3   paramiko.transport: Secsh channel 10 opened.
DEB [20181030-11:18:01.850] thr=3   paramiko.transport: [chan 10] Sesch channel 10 request ok
DEB [20181030-11:18:01.927] thr=3   paramiko.transport: [chan 10] EOF received (10)
DEB [20181030-11:18:01.927] thr=2   paramiko.transport: [chan 11] Max packet in: 32768 bytes
DEB [20181030-11:18:01.927] thr=3   paramiko.transport: [chan 10] EOF sent (10)
DEB [20181030-11:18:01.930] thr=3   paramiko.transport: [chan 11] Max packet out: 32768 bytes
DEB [20181030-11:18:01.930] thr=3   paramiko.transport: Secsh channel 11 opened.
DEB [20181030-11:18:01.975] thr=3   paramiko.transport: [chan 11] Sesch channel 11 request ok
DEB [20181030-11:18:02.648] thr=3   paramiko.transport: [chan 11] EOF received (11)
DEB [20181030-11:18:02.648] thr=3   paramiko.transport: [chan 11] EOF sent (11)
DEB [20181030-11:18:02.648] thr=2   paramiko.transport: [chan 12] Max packet in: 32768 bytes
DEB [20181030-11:18:02.693] thr=3   paramiko.transport: [chan 12] Max packet out: 32768 bytes
DEB [20181030-11:18:02.693] thr=3   paramiko.transport: Secsh channel 12 opened.
DEB [20181030-11:18:02.697] thr=3   paramiko.transport: [chan 12] Sesch channel 12 request ok
DEB [20181030-11:18:02.760] thr=3   paramiko.transport: [chan 12] EOF received (12)
DEB [20181030-11:18:02.760] thr=2   paramiko.transport: [chan 13] Max packet in: 32768 bytes
DEB [20181030-11:18:02.760] thr=3   paramiko.transport: [chan 12] EOF sent (12)
DEB [20181030-11:18:02.763] thr=3   paramiko.transport: [chan 13] Max packet out: 32768 bytes
DEB [20181030-11:18:02.763] thr=3   paramiko.transport: Secsh channel 13 opened.
DEB [20181030-11:18:02.810] thr=3   paramiko.transport: [chan 13] Sesch channel 13 request ok
DEB [20181030-11:18:03.485] thr=3   paramiko.transport: [chan 13] EOF received (13)
DEB [20181030-11:18:03.486] thr=2   paramiko.transport: [chan 14] Max packet in: 32768 bytes
DEB [20181030-11:18:03.486] thr=3   paramiko.transport: [chan 13] EOF sent (13)
DEB [20181030-11:18:03.489] thr=3   paramiko.transport: [chan 14] Max packet out: 32768 bytes
DEB [20181030-11:18:03.489] thr=3   paramiko.transport: Secsh channel 14 opened.
DEB [20181030-11:18:03.534] thr=3   paramiko.transport: [chan 14] Sesch channel 14 request ok
DEB [20181030-11:18:03.600] thr=3   paramiko.transport: [chan 14] EOF received (14)
DEB [20181030-11:18:03.601] thr=2   paramiko.transport: [chan 15] Max packet in: 32768 bytes
DEB [20181030-11:18:03.601] thr=3   paramiko.transport: [chan 14] EOF sent (14)
DEB [20181030-11:18:03.604] thr=3   paramiko.transport: [chan 15] Max packet out: 32768 bytes
DEB [20181030-11:18:03.604] thr=3   paramiko.transport: Secsh channel 15 opened.
DEB [20181030-11:18:03.650] thr=3   paramiko.transport: [chan 15] Sesch channel 15 request ok
DEB [20181030-11:18:04.427] thr=3   paramiko.transport: [chan 15] EOF received (15)
DEB [20181030-11:18:04.427] thr=2   paramiko.transport: [chan 16] Max packet in: 32768 bytes
DEB [20181030-11:18:04.427] thr=3   paramiko.transport: [chan 15] EOF sent (15)
DEB [20181030-11:18:04.430] thr=3   paramiko.transport: [chan 16] Max packet out: 32768 bytes
DEB [20181030-11:18:04.430] thr=3   paramiko.transport: Secsh channel 16 opened.
DEB [20181030-11:18:04.476] thr=3   paramiko.transport: [chan 16] Sesch channel 16 request ok
DEB [20181030-11:18:04.534] thr=3   paramiko.transport: [chan 16] EOF received (16)
DEB [20181030-11:18:04.534] thr=2   paramiko.transport: [chan 17] Max packet in: 32768 bytes
DEB [20181030-11:18:04.535] thr=3   paramiko.transport: [chan 16] EOF sent (16)
DEB [20181030-11:18:04.537] thr=3   paramiko.transport: [chan 17] Max packet out: 32768 bytes
DEB [20181030-11:18:04.538] thr=3   paramiko.transport: Secsh channel 17 opened.
DEB [20181030-11:18:04.584] thr=3   paramiko.transport: [chan 17] Sesch channel 17 request ok
DEB [20181030-11:18:05.278] thr=3   paramiko.transport: [chan 17] EOF received (17)
